18:56:41 DEBUG : Logs will be stored at 'C:/Users/kpari/385labs/lab6/62_workspace/IDE.log'.
18:56:43 INFO  : Platform repository initialization has completed.
18:56:43 INFO  : Launching XSCT server: xsct.bat -n  -interactive C:\Users\kpari\385labs\lab6\62_workspace\temp_xsdb_launch_script.tcl
18:56:43 INFO  : Registering command handlers for Vitis TCF services
18:56:47 INFO  : XSCT server has started successfully.
18:56:51 INFO  : plnx-install-location is set to ''
18:56:51 INFO  : Successfully done setting XSCT server connection channel  
18:56:51 INFO  : Successfully done query RDI_DATADIR 
18:56:51 INFO  : Successfully done setting workspace for the tool. 
18:58:03 INFO  : Result from executing command 'getProjects': mb_usb_hdmi_top
18:58:03 INFO  : Result from executing command 'getPlatforms': 
18:58:03 WARN  : An unexpected exception occurred in the module 'platform project logging'
18:58:03 INFO  : Platform 'mb_usb_hdmi_top' is added to custom repositories.
18:58:05 INFO  : Platform 'mb_usb_hdmi_top' is added to custom repositories.
18:07:59 INFO  : Result from executing command 'removePlatformRepo': 
18:09:39 DEBUG : Logs will be stored at 'C:/Users/kpari/385labs/lab6/62_workspace/IDE.log'.
18:09:39 INFO  : Launching XSCT server: xsct.bat -n  -interactive C:\Users\kpari\385labs\lab6\62_workspace\temp_xsdb_launch_script.tcl
18:09:41 INFO  : XSCT server has started successfully.
18:09:41 INFO  : Successfully done setting XSCT server connection channel  
18:09:41 INFO  : plnx-install-location is set to ''
18:09:41 INFO  : Successfully done setting workspace for the tool. 
18:09:42 INFO  : Platform repository initialization has completed.
18:09:42 INFO  : Registering command handlers for Vitis TCF services
18:09:49 INFO  : Successfully done query RDI_DATADIR 
18:10:33 INFO  : Result from executing command 'getProjects': mb_usb_hdmi_top
18:10:33 INFO  : Result from executing command 'getPlatforms': 
18:10:34 INFO  : Checking for BSP changes to sync application flags for project 'mb_usb_hdmi'...
18:13:48 INFO  : Checking for BSP changes to sync application flags for project 'mb_usb_hdmi'...
18:14:27 INFO  : Connected to target on host '127.0.0.1' and port '3121'.
18:14:28 INFO  : Jtag cable 'RealDigital Boo 88742923007DA' is selected.
18:14:28 INFO  : 'jtag frequency' command is executed.
18:14:28 INFO  : 'targets -set -filter {jtag_cable_name =~ "RealDigital Boo 88742923007DA" && level==0 && jtag_device_ctx=="jsn1-0362f093-0"}' command is executed.
18:14:29 INFO  : Device configured successfully with "C:/Users/kpari/385labs/lab6/62_workspace/mb_usb_hdmi/_ide/bitstream/mb_usb_hdmi_top.bit"
18:14:29 INFO  : Context for processor 'microblaze_0' is selected.
18:14:29 INFO  : Hardware design and registers information is loaded from 'C:/Users/kpari/385labs/lab6/62_workspace/mb_usb_hdmi_top/export/mb_usb_hdmi_top/hw/mb_usb_hdmi_top.xsa'.
18:14:29 INFO  : 'configparams mdm-detect-bscan-mask 2' command is executed.
18:14:29 INFO  : Context for processor 'microblaze_0' is selected.
18:14:29 INFO  : System reset is completed.
18:14:32 INFO  : 'after 3000' command is executed.
18:14:33 INFO  : Context for processor 'microblaze_0' is selected.
18:14:33 INFO  : The application 'C:/Users/kpari/385labs/lab6/62_workspace/mb_usb_hdmi/Debug/mb_usb_hdmi.elf' is downloaded to processor 'microblaze_0'.
18:14:33 INFO  : ----------------XSDB Script----------------
connect -url tcp:127.0.0.1:3121
targets -set -filter {jtag_cable_name =~ "RealDigital Boo 88742923007DA" && level==0 && jtag_device_ctx=="jsn1-0362f093-0"}
fpga -file C:/Users/kpari/385labs/lab6/62_workspace/mb_usb_hdmi/_ide/bitstream/mb_usb_hdmi_top.bit
targets -set -nocase -filter {name =~ "*microblaze*#0" && bscan=="USER2" }
loadhw -hw C:/Users/kpari/385labs/lab6/62_workspace/mb_usb_hdmi_top/export/mb_usb_hdmi_top/hw/mb_usb_hdmi_top.xsa -regs
configparams mdm-detect-bscan-mask 2
targets -set -nocase -filter {name =~ "*microblaze*#0" && bscan=="USER2" }
rst -system
after 3000
targets -set -nocase -filter {name =~ "*microblaze*#0" && bscan=="USER2" }
dow C:/Users/kpari/385labs/lab6/62_workspace/mb_usb_hdmi/Debug/mb_usb_hdmi.elf
----------------End of Script----------------

18:14:33 INFO  : Context for processor 'microblaze_0' is selected.
18:14:33 INFO  : 'con' command is executed.
18:14:33 INFO  : ----------------XSDB Script (After Launch)----------------
targets -set -nocase -filter {name =~ "*microblaze*#0" && bscan=="USER2" }
con
----------------End of Script----------------

18:14:33 INFO  : Disconnected from the channel tcfchan#2.
18:17:03 DEBUG : Logs will be stored at 'C:/Users/kpari/385labs/lab6/62_workspace/IDE.log'.
18:17:04 INFO  : Launching XSCT server: xsct.bat -n  -interactive C:\Users\kpari\385labs\lab6\62_workspace\temp_xsdb_launch_script.tcl
18:17:06 INFO  : XSCT server has started successfully.
18:17:06 INFO  : plnx-install-location is set to ''
18:17:06 INFO  : Successfully done setting XSCT server connection channel  
18:17:06 INFO  : Successfully done setting workspace for the tool. 
18:17:07 INFO  : Platform repository initialization has completed.
18:17:07 INFO  : Successfully done query RDI_DATADIR 
18:17:07 INFO  : Registering command handlers for Vitis TCF services
18:17:14 INFO  : Checking for BSP changes to sync application flags for project 'mb_usb_hdmi'...
18:17:21 INFO  : Connected to target on host '127.0.0.1' and port '3121'.
18:17:21 INFO  : Jtag cable 'RealDigital Boo 88742923007DA' is selected.
18:17:21 INFO  : 'jtag frequency' command is executed.
18:17:21 INFO  : 'targets -set -filter {jtag_cable_name =~ "RealDigital Boo 88742923007DA" && level==0 && jtag_device_ctx=="jsn1-0362f093-0"}' command is executed.
18:17:23 INFO  : Device configured successfully with "C:/Users/kpari/385labs/lab6/62_workspace/mb_usb_hdmi/_ide/bitstream/mb_usb_hdmi_top.bit"
18:17:23 INFO  : Context for processor 'microblaze_0' is selected.
18:17:23 INFO  : Hardware design and registers information is loaded from 'C:/Users/kpari/385labs/lab6/62_workspace/mb_usb_hdmi_top/export/mb_usb_hdmi_top/hw/mb_usb_hdmi_top.xsa'.
18:17:23 INFO  : 'configparams mdm-detect-bscan-mask 2' command is executed.
18:17:23 INFO  : Context for processor 'microblaze_0' is selected.
18:17:23 INFO  : System reset is completed.
18:17:26 INFO  : 'after 3000' command is executed.
18:17:26 INFO  : Context for processor 'microblaze_0' is selected.
18:17:26 INFO  : The application 'C:/Users/kpari/385labs/lab6/62_workspace/mb_usb_hdmi/Debug/mb_usb_hdmi.elf' is downloaded to processor 'microblaze_0'.
18:17:26 INFO  : ----------------XSDB Script----------------
connect -url tcp:127.0.0.1:3121
targets -set -filter {jtag_cable_name =~ "RealDigital Boo 88742923007DA" && level==0 && jtag_device_ctx=="jsn1-0362f093-0"}
fpga -file C:/Users/kpari/385labs/lab6/62_workspace/mb_usb_hdmi/_ide/bitstream/mb_usb_hdmi_top.bit
targets -set -nocase -filter {name =~ "*microblaze*#0" && bscan=="USER2" }
loadhw -hw C:/Users/kpari/385labs/lab6/62_workspace/mb_usb_hdmi_top/export/mb_usb_hdmi_top/hw/mb_usb_hdmi_top.xsa -regs
configparams mdm-detect-bscan-mask 2
targets -set -nocase -filter {name =~ "*microblaze*#0" && bscan=="USER2" }
rst -system
after 3000
targets -set -nocase -filter {name =~ "*microblaze*#0" && bscan=="USER2" }
dow C:/Users/kpari/385labs/lab6/62_workspace/mb_usb_hdmi/Debug/mb_usb_hdmi.elf
----------------End of Script----------------

18:17:26 INFO  : Context for processor 'microblaze_0' is selected.
18:17:26 INFO  : 'con' command is executed.
18:17:26 INFO  : ----------------XSDB Script (After Launch)----------------
targets -set -nocase -filter {name =~ "*microblaze*#0" && bscan=="USER2" }
con
----------------End of Script----------------

18:17:26 INFO  : Disconnected from the channel tcfchan#1.
18:17:44 INFO  : Connected to target on host '127.0.0.1' and port '3121'.
18:17:44 INFO  : Jtag cable 'RealDigital Boo 88742923007DA' is selected.
18:17:44 INFO  : 'jtag frequency' command is executed.
18:17:44 INFO  : 'targets -set -filter {jtag_cable_name =~ "RealDigital Boo 88742923007DA" && level==0 && jtag_device_ctx=="jsn1-0362f093-0"}' command is executed.
18:17:45 INFO  : Device configured successfully with "C:/Users/kpari/385labs/lab6/62_workspace/mb_usb_hdmi/_ide/bitstream/mb_usb_hdmi_top.bit"
18:17:45 INFO  : Context for processor 'microblaze_0' is selected.
18:17:46 INFO  : Hardware design and registers information is loaded from 'C:/Users/kpari/385labs/lab6/62_workspace/mb_usb_hdmi_top/export/mb_usb_hdmi_top/hw/mb_usb_hdmi_top.xsa'.
18:17:46 INFO  : 'configparams mdm-detect-bscan-mask 2' command is executed.
18:17:46 INFO  : Context for processor 'microblaze_0' is selected.
18:17:46 INFO  : System reset is completed.
18:17:49 INFO  : 'after 3000' command is executed.
18:17:49 INFO  : Context for processor 'microblaze_0' is selected.
18:17:49 INFO  : The application 'C:/Users/kpari/385labs/lab6/62_workspace/mb_usb_hdmi/Debug/mb_usb_hdmi.elf' is downloaded to processor 'microblaze_0'.
18:17:49 INFO  : ----------------XSDB Script----------------
connect -url tcp:127.0.0.1:3121
targets -set -filter {jtag_cable_name =~ "RealDigital Boo 88742923007DA" && level==0 && jtag_device_ctx=="jsn1-0362f093-0"}
fpga -file C:/Users/kpari/385labs/lab6/62_workspace/mb_usb_hdmi/_ide/bitstream/mb_usb_hdmi_top.bit
targets -set -nocase -filter {name =~ "*microblaze*#0" && bscan=="USER2" }
loadhw -hw C:/Users/kpari/385labs/lab6/62_workspace/mb_usb_hdmi_top/export/mb_usb_hdmi_top/hw/mb_usb_hdmi_top.xsa -regs
configparams mdm-detect-bscan-mask 2
targets -set -nocase -filter {name =~ "*microblaze*#0" && bscan=="USER2" }
rst -system
after 3000
targets -set -nocase -filter {name =~ "*microblaze*#0" && bscan=="USER2" }
dow C:/Users/kpari/385labs/lab6/62_workspace/mb_usb_hdmi/Debug/mb_usb_hdmi.elf
----------------End of Script----------------

18:17:49 INFO  : Context for processor 'microblaze_0' is selected.
18:17:49 INFO  : 'con' command is executed.
18:17:49 INFO  : ----------------XSDB Script (After Launch)----------------
targets -set -nocase -filter {name =~ "*microblaze*#0" && bscan=="USER2" }
con
----------------End of Script----------------

18:17:49 INFO  : Disconnected from the channel tcfchan#2.
18:20:28 INFO  : Connected to target on host '127.0.0.1' and port '3121'.
18:20:46 INFO  : ----------------XSDB Script----------------
connect -url tcp:127.0.0.1:3121
----------------End of Script----------------

18:20:46 ERROR : Could not find FPGA device on the board for connection 'Local'.


Troubleshooting hints:
1. Check whether board is connected to system properly.
2. In case of zynq board, check whether Digilent/Xilinx cable switch settings are correct.
3. If you are using Xilinx Platform Cable USB, ensure that status LED is green.
18:20:54 INFO  : Connected to target on host '127.0.0.1' and port '3121'.
18:20:54 INFO  : Jtag cable 'RealDigital Boo 88742923007DA' is selected.
18:20:54 INFO  : 'jtag frequency' command is executed.
18:20:54 INFO  : 'targets -set -filter {jtag_cable_name =~ "RealDigital Boo 88742923007DA" && level==0 && jtag_device_ctx=="jsn1-0362f093-0"}' command is executed.
18:20:55 INFO  : Device configured successfully with "C:/Users/kpari/385labs/lab6/62_workspace/mb_usb_hdmi/_ide/bitstream/mb_usb_hdmi_top.bit"
18:20:56 INFO  : Context for processor 'microblaze_0' is selected.
18:20:56 INFO  : Hardware design and registers information is loaded from 'C:/Users/kpari/385labs/lab6/62_workspace/mb_usb_hdmi_top/export/mb_usb_hdmi_top/hw/mb_usb_hdmi_top.xsa'.
18:20:56 INFO  : 'configparams mdm-detect-bscan-mask 2' command is executed.
18:20:56 INFO  : Context for processor 'microblaze_0' is selected.
18:20:56 INFO  : System reset is completed.
18:20:59 INFO  : 'after 3000' command is executed.
18:20:59 INFO  : Context for processor 'microblaze_0' is selected.
18:20:59 INFO  : The application 'C:/Users/kpari/385labs/lab6/62_workspace/mb_usb_hdmi/Debug/mb_usb_hdmi.elf' is downloaded to processor 'microblaze_0'.
18:20:59 INFO  : ----------------XSDB Script----------------
connect -url tcp:127.0.0.1:3121
targets -set -filter {jtag_cable_name =~ "RealDigital Boo 88742923007DA" && level==0 && jtag_device_ctx=="jsn1-0362f093-0"}
fpga -file C:/Users/kpari/385labs/lab6/62_workspace/mb_usb_hdmi/_ide/bitstream/mb_usb_hdmi_top.bit
targets -set -nocase -filter {name =~ "*microblaze*#0" && bscan=="USER2" }
loadhw -hw C:/Users/kpari/385labs/lab6/62_workspace/mb_usb_hdmi_top/export/mb_usb_hdmi_top/hw/mb_usb_hdmi_top.xsa -regs
configparams mdm-detect-bscan-mask 2
targets -set -nocase -filter {name =~ "*microblaze*#0" && bscan=="USER2" }
rst -system
after 3000
targets -set -nocase -filter {name =~ "*microblaze*#0" && bscan=="USER2" }
dow C:/Users/kpari/385labs/lab6/62_workspace/mb_usb_hdmi/Debug/mb_usb_hdmi.elf
----------------End of Script----------------

18:20:59 INFO  : Context for processor 'microblaze_0' is selected.
18:20:59 INFO  : 'con' command is executed.
18:20:59 INFO  : ----------------XSDB Script (After Launch)----------------
targets -set -nocase -filter {name =~ "*microblaze*#0" && bscan=="USER2" }
con
----------------End of Script----------------

18:20:59 INFO  : Disconnected from the channel tcfchan#3.
18:21:17 INFO  : Checking for BSP changes to sync application flags for project 'mb_usb_hdmi'...
18:23:46 DEBUG : Logs will be stored at 'C:/Users/kpari/385labs/lab6/62_workspace/IDE.log'.
18:27:02 DEBUG : Logs will be stored at 'C:/Users/kpari/385labs/lab6/62_workspace/IDE.log'.
18:27:03 INFO  : Launching XSCT server: xsct.bat -n  -interactive C:\Users\kpari\385labs\lab6\62_workspace\temp_xsdb_launch_script.tcl
18:27:10 INFO  : XSCT server has started successfully.
18:27:10 INFO  : Platform repository initialization has completed.
18:27:10 INFO  : Registering command handlers for Vitis TCF services
18:27:15 INFO  : Successfully done setting XSCT server connection channel  
18:27:15 INFO  : plnx-install-location is set to ''
18:27:15 INFO  : Successfully done query RDI_DATADIR 
18:27:15 INFO  : Successfully done setting workspace for the tool. 
18:27:39 INFO  : Checking for BSP changes to sync application flags for project 'mb_usb_hdmi'...
18:27:55 INFO  : Result from executing command 'removePlatformRepo': 
18:28:19 INFO  : Result from executing command 'getProjects': mb_usb_hdmi_top
18:28:19 INFO  : Result from executing command 'getPlatforms': 
18:28:19 INFO  : Checking for BSP changes to sync application flags for project 'mb_usb_hdmi'...
18:28:42 INFO  : Connected to target on host '127.0.0.1' and port '3121'.
18:28:42 INFO  : Jtag cable 'RealDigital Boo 88742923007DA' is selected.
18:28:42 INFO  : 'jtag frequency' command is executed.
18:28:42 INFO  : 'targets -set -filter {jtag_cable_name =~ "RealDigital Boo 88742923007DA" && level==0 && jtag_device_ctx=="jsn1-0362f093-0"}' command is executed.
18:28:44 INFO  : Device configured successfully with "C:/Users/kpari/385labs/lab6/62_workspace/mb_usb_hdmi/_ide/bitstream/mb_usb_hdmi_top.bit"
18:28:44 INFO  : Context for processor 'microblaze_0' is selected.
18:28:44 INFO  : Hardware design and registers information is loaded from 'C:/Users/kpari/385labs/lab6/62_workspace/mb_usb_hdmi_top/export/mb_usb_hdmi_top/hw/mb_usb_hdmi_top.xsa'.
18:28:44 INFO  : 'configparams mdm-detect-bscan-mask 2' command is executed.
18:28:44 INFO  : Context for processor 'microblaze_0' is selected.
18:28:44 INFO  : System reset is completed.
18:28:47 INFO  : 'after 3000' command is executed.
18:28:47 INFO  : Context for processor 'microblaze_0' is selected.
18:28:47 INFO  : The application 'C:/Users/kpari/385labs/lab6/62_workspace/mb_usb_hdmi/Debug/mb_usb_hdmi.elf' is downloaded to processor 'microblaze_0'.
18:28:47 INFO  : ----------------XSDB Script----------------
connect -url tcp:127.0.0.1:3121
targets -set -filter {jtag_cable_name =~ "RealDigital Boo 88742923007DA" && level==0 && jtag_device_ctx=="jsn1-0362f093-0"}
fpga -file C:/Users/kpari/385labs/lab6/62_workspace/mb_usb_hdmi/_ide/bitstream/mb_usb_hdmi_top.bit
targets -set -nocase -filter {name =~ "*microblaze*#0" && bscan=="USER2" }
loadhw -hw C:/Users/kpari/385labs/lab6/62_workspace/mb_usb_hdmi_top/export/mb_usb_hdmi_top/hw/mb_usb_hdmi_top.xsa -regs
configparams mdm-detect-bscan-mask 2
targets -set -nocase -filter {name =~ "*microblaze*#0" && bscan=="USER2" }
rst -system
after 3000
targets -set -nocase -filter {name =~ "*microblaze*#0" && bscan=="USER2" }
dow C:/Users/kpari/385labs/lab6/62_workspace/mb_usb_hdmi/Debug/mb_usb_hdmi.elf
----------------End of Script----------------

18:28:47 INFO  : Context for processor 'microblaze_0' is selected.
18:28:47 INFO  : 'con' command is executed.
18:28:47 INFO  : ----------------XSDB Script (After Launch)----------------
targets -set -nocase -filter {name =~ "*microblaze*#0" && bscan=="USER2" }
con
----------------End of Script----------------

18:28:47 INFO  : Disconnected from the channel tcfchan#3.
18:31:53 INFO  : Checking for BSP changes to sync application flags for project 'mb_usb_hdmi'...
18:31:59 INFO  : Connected to target on host '127.0.0.1' and port '3121'.
18:32:00 INFO  : Jtag cable 'RealDigital Boo 88742923007DA' is selected.
18:32:00 INFO  : 'jtag frequency' command is executed.
18:32:00 INFO  : 'targets -set -filter {jtag_cable_name =~ "RealDigital Boo 88742923007DA" && level==0 && jtag_device_ctx=="jsn1-0362f093-0"}' command is executed.
18:32:01 INFO  : Device configured successfully with "C:/Users/kpari/385labs/lab6/62_workspace/mb_usb_hdmi/_ide/bitstream/mb_usb_hdmi_top.bit"
18:32:01 INFO  : Context for processor 'microblaze_0' is selected.
18:32:01 INFO  : Hardware design and registers information is loaded from 'C:/Users/kpari/385labs/lab6/62_workspace/mb_usb_hdmi_top/export/mb_usb_hdmi_top/hw/mb_usb_hdmi_top.xsa'.
18:32:01 INFO  : 'configparams mdm-detect-bscan-mask 2' command is executed.
18:32:01 INFO  : Context for processor 'microblaze_0' is selected.
18:32:01 INFO  : System reset is completed.
18:32:04 INFO  : 'after 3000' command is executed.
18:32:04 INFO  : Context for processor 'microblaze_0' is selected.
18:32:04 INFO  : The application 'C:/Users/kpari/385labs/lab6/62_workspace/mb_usb_hdmi/Debug/mb_usb_hdmi.elf' is downloaded to processor 'microblaze_0'.
18:32:04 INFO  : ----------------XSDB Script----------------
connect -url tcp:127.0.0.1:3121
targets -set -filter {jtag_cable_name =~ "RealDigital Boo 88742923007DA" && level==0 && jtag_device_ctx=="jsn1-0362f093-0"}
fpga -file C:/Users/kpari/385labs/lab6/62_workspace/mb_usb_hdmi/_ide/bitstream/mb_usb_hdmi_top.bit
targets -set -nocase -filter {name =~ "*microblaze*#0" && bscan=="USER2" }
loadhw -hw C:/Users/kpari/385labs/lab6/62_workspace/mb_usb_hdmi_top/export/mb_usb_hdmi_top/hw/mb_usb_hdmi_top.xsa -regs
configparams mdm-detect-bscan-mask 2
targets -set -nocase -filter {name =~ "*microblaze*#0" && bscan=="USER2" }
rst -system
after 3000
targets -set -nocase -filter {name =~ "*microblaze*#0" && bscan=="USER2" }
dow C:/Users/kpari/385labs/lab6/62_workspace/mb_usb_hdmi/Debug/mb_usb_hdmi.elf
----------------End of Script----------------

18:32:04 INFO  : Context for processor 'microblaze_0' is selected.
18:32:04 INFO  : 'con' command is executed.
18:32:04 INFO  : ----------------XSDB Script (After Launch)----------------
targets -set -nocase -filter {name =~ "*microblaze*#0" && bscan=="USER2" }
con
----------------End of Script----------------

18:32:04 INFO  : Disconnected from the channel tcfchan#4.
18:33:13 INFO  : Checking for BSP changes to sync application flags for project 'mb_usb_hdmi'...
18:33:23 INFO  : Result from executing command 'removePlatformRepo': 
18:33:31 INFO  : Result from executing command 'getProjects': mb_usb_hdmi_top
18:33:31 INFO  : Result from executing command 'getPlatforms': 
18:33:31 INFO  : Checking for BSP changes to sync application flags for project 'mb_usb_hdmi'...
18:35:06 INFO  : Checking for BSP changes to sync application flags for project 'mb_usb_hdmi'...
18:35:25 INFO  : Connected to target on host '127.0.0.1' and port '3121'.
18:35:25 INFO  : Jtag cable 'RealDigital Boo 88742923007DA' is selected.
18:35:25 INFO  : 'jtag frequency' command is executed.
18:35:25 INFO  : 'targets -set -filter {jtag_cable_name =~ "RealDigital Boo 88742923007DA" && level==0 && jtag_device_ctx=="jsn1-0362f093-0"}' command is executed.
18:35:26 INFO  : Device configured successfully with "C:/Users/kpari/385labs/lab6/62_workspace/mb_usb_hdmi/_ide/bitstream/mb_usb_hdmi_top.bit"
18:35:26 INFO  : Context for processor 'microblaze_0' is selected.
18:35:26 INFO  : Hardware design and registers information is loaded from 'C:/Users/kpari/385labs/lab6/62_workspace/mb_usb_hdmi_top/export/mb_usb_hdmi_top/hw/mb_usb_hdmi_top.xsa'.
18:35:26 INFO  : 'configparams mdm-detect-bscan-mask 2' command is executed.
18:35:26 INFO  : Context for processor 'microblaze_0' is selected.
18:35:26 INFO  : System reset is completed.
18:35:29 INFO  : 'after 3000' command is executed.
18:35:29 INFO  : Context for processor 'microblaze_0' is selected.
18:35:29 INFO  : The application 'C:/Users/kpari/385labs/lab6/62_workspace/mb_usb_hdmi/Debug/mb_usb_hdmi.elf' is downloaded to processor 'microblaze_0'.
18:35:29 INFO  : ----------------XSDB Script----------------
connect -url tcp:127.0.0.1:3121
targets -set -filter {jtag_cable_name =~ "RealDigital Boo 88742923007DA" && level==0 && jtag_device_ctx=="jsn1-0362f093-0"}
fpga -file C:/Users/kpari/385labs/lab6/62_workspace/mb_usb_hdmi/_ide/bitstream/mb_usb_hdmi_top.bit
targets -set -nocase -filter {name =~ "*microblaze*#0" && bscan=="USER2" }
loadhw -hw C:/Users/kpari/385labs/lab6/62_workspace/mb_usb_hdmi_top/export/mb_usb_hdmi_top/hw/mb_usb_hdmi_top.xsa -regs
configparams mdm-detect-bscan-mask 2
targets -set -nocase -filter {name =~ "*microblaze*#0" && bscan=="USER2" }
rst -system
after 3000
targets -set -nocase -filter {name =~ "*microblaze*#0" && bscan=="USER2" }
dow C:/Users/kpari/385labs/lab6/62_workspace/mb_usb_hdmi/Debug/mb_usb_hdmi.elf
----------------End of Script----------------

18:35:29 INFO  : Context for processor 'microblaze_0' is selected.
18:35:29 INFO  : 'con' command is executed.
18:35:29 INFO  : ----------------XSDB Script (After Launch)----------------
targets -set -nocase -filter {name =~ "*microblaze*#0" && bscan=="USER2" }
con
----------------End of Script----------------

18:35:29 INFO  : Disconnected from the channel tcfchan#7.
18:41:40 INFO  : Result from executing command 'removePlatformRepo': 
18:41:50 INFO  : Result from executing command 'getProjects': mb_usb_hdmi_top
18:41:50 INFO  : Result from executing command 'getPlatforms': 
18:41:50 INFO  : Checking for BSP changes to sync application flags for project 'mb_usb_hdmi'...
18:42:05 INFO  : Connected to target on host '127.0.0.1' and port '3121'.
18:42:05 INFO  : Jtag cable 'RealDigital Boo 88742923007DA' is selected.
18:42:05 INFO  : 'jtag frequency' command is executed.
18:42:05 INFO  : 'targets -set -filter {jtag_cable_name =~ "RealDigital Boo 88742923007DA" && level==0 && jtag_device_ctx=="jsn1-0362f093-0"}' command is executed.
18:42:06 INFO  : Device configured successfully with "C:/Users/kpari/385labs/lab6/62_workspace/mb_usb_hdmi/_ide/bitstream/mb_usb_hdmi_top.bit"
18:42:06 INFO  : Context for processor 'microblaze_0' is selected.
18:42:06 INFO  : Hardware design and registers information is loaded from 'C:/Users/kpari/385labs/lab6/62_workspace/mb_usb_hdmi_top/export/mb_usb_hdmi_top/hw/mb_usb_hdmi_top.xsa'.
18:42:06 INFO  : 'configparams mdm-detect-bscan-mask 2' command is executed.
18:42:06 INFO  : Context for processor 'microblaze_0' is selected.
18:42:06 INFO  : System reset is completed.
18:42:09 INFO  : 'after 3000' command is executed.
18:42:09 INFO  : Context for processor 'microblaze_0' is selected.
18:42:09 INFO  : The application 'C:/Users/kpari/385labs/lab6/62_workspace/mb_usb_hdmi/Debug/mb_usb_hdmi.elf' is downloaded to processor 'microblaze_0'.
18:42:09 INFO  : ----------------XSDB Script----------------
connect -url tcp:127.0.0.1:3121
targets -set -filter {jtag_cable_name =~ "RealDigital Boo 88742923007DA" && level==0 && jtag_device_ctx=="jsn1-0362f093-0"}
fpga -file C:/Users/kpari/385labs/lab6/62_workspace/mb_usb_hdmi/_ide/bitstream/mb_usb_hdmi_top.bit
targets -set -nocase -filter {name =~ "*microblaze*#0" && bscan=="USER2" }
loadhw -hw C:/Users/kpari/385labs/lab6/62_workspace/mb_usb_hdmi_top/export/mb_usb_hdmi_top/hw/mb_usb_hdmi_top.xsa -regs
configparams mdm-detect-bscan-mask 2
targets -set -nocase -filter {name =~ "*microblaze*#0" && bscan=="USER2" }
rst -system
after 3000
targets -set -nocase -filter {name =~ "*microblaze*#0" && bscan=="USER2" }
dow C:/Users/kpari/385labs/lab6/62_workspace/mb_usb_hdmi/Debug/mb_usb_hdmi.elf
----------------End of Script----------------

18:42:09 INFO  : Context for processor 'microblaze_0' is selected.
18:42:09 INFO  : 'con' command is executed.
18:42:09 INFO  : ----------------XSDB Script (After Launch)----------------
targets -set -nocase -filter {name =~ "*microblaze*#0" && bscan=="USER2" }
con
----------------End of Script----------------

18:42:09 INFO  : Disconnected from the channel tcfchan#10.
18:44:46 INFO  : Result from executing command 'removePlatformRepo': 
18:44:56 INFO  : Result from executing command 'getProjects': mb_usb_hdmi_top
18:44:56 INFO  : Result from executing command 'getPlatforms': 
18:44:56 INFO  : Checking for BSP changes to sync application flags for project 'mb_usb_hdmi'...
18:45:09 INFO  : Connected to target on host '127.0.0.1' and port '3121'.
18:45:10 INFO  : Jtag cable 'RealDigital Boo 88742923007DA' is selected.
18:45:10 INFO  : 'jtag frequency' command is executed.
18:45:10 INFO  : 'targets -set -filter {jtag_cable_name =~ "RealDigital Boo 88742923007DA" && level==0 && jtag_device_ctx=="jsn1-0362f093-0"}' command is executed.
18:45:11 INFO  : Device configured successfully with "C:/Users/kpari/385labs/lab6/62_workspace/mb_usb_hdmi/_ide/bitstream/mb_usb_hdmi_top.bit"
18:45:11 INFO  : Context for processor 'microblaze_0' is selected.
18:45:11 INFO  : Hardware design and registers information is loaded from 'C:/Users/kpari/385labs/lab6/62_workspace/mb_usb_hdmi_top/export/mb_usb_hdmi_top/hw/mb_usb_hdmi_top.xsa'.
18:45:11 INFO  : 'configparams mdm-detect-bscan-mask 2' command is executed.
18:45:11 INFO  : Context for processor 'microblaze_0' is selected.
18:45:11 INFO  : System reset is completed.
18:45:14 INFO  : 'after 3000' command is executed.
18:45:14 INFO  : Context for processor 'microblaze_0' is selected.
18:45:14 INFO  : The application 'C:/Users/kpari/385labs/lab6/62_workspace/mb_usb_hdmi/Debug/mb_usb_hdmi.elf' is downloaded to processor 'microblaze_0'.
18:45:14 INFO  : ----------------XSDB Script----------------
connect -url tcp:127.0.0.1:3121
targets -set -filter {jtag_cable_name =~ "RealDigital Boo 88742923007DA" && level==0 && jtag_device_ctx=="jsn1-0362f093-0"}
fpga -file C:/Users/kpari/385labs/lab6/62_workspace/mb_usb_hdmi/_ide/bitstream/mb_usb_hdmi_top.bit
targets -set -nocase -filter {name =~ "*microblaze*#0" && bscan=="USER2" }
loadhw -hw C:/Users/kpari/385labs/lab6/62_workspace/mb_usb_hdmi_top/export/mb_usb_hdmi_top/hw/mb_usb_hdmi_top.xsa -regs
configparams mdm-detect-bscan-mask 2
targets -set -nocase -filter {name =~ "*microblaze*#0" && bscan=="USER2" }
rst -system
after 3000
targets -set -nocase -filter {name =~ "*microblaze*#0" && bscan=="USER2" }
dow C:/Users/kpari/385labs/lab6/62_workspace/mb_usb_hdmi/Debug/mb_usb_hdmi.elf
----------------End of Script----------------

18:45:14 INFO  : Context for processor 'microblaze_0' is selected.
18:45:14 INFO  : 'con' command is executed.
18:45:14 INFO  : ----------------XSDB Script (After Launch)----------------
targets -set -nocase -filter {name =~ "*microblaze*#0" && bscan=="USER2" }
con
----------------End of Script----------------

18:45:14 INFO  : Disconnected from the channel tcfchan#13.
01:11:10 DEBUG : Logs will be stored at 'C:/Users/kpari/385labs/lab6/62_workspace/IDE.log'.
01:11:11 INFO  : Launching XSCT server: xsct.bat -n  -interactive C:\Users\kpari\385labs\lab6\62_workspace\temp_xsdb_launch_script.tcl
01:11:13 INFO  : XSCT server has started successfully.
01:11:13 INFO  : Successfully done setting XSCT server connection channel  
01:11:13 INFO  : plnx-install-location is set to ''
01:11:13 INFO  : Successfully done setting workspace for the tool. 
01:11:14 INFO  : Platform repository initialization has completed.
01:11:14 INFO  : Registering command handlers for Vitis TCF services
01:11:20 INFO  : Successfully done query RDI_DATADIR 
01:11:53 INFO  : Connected to target on host '127.0.0.1' and port '3121'.
01:11:53 INFO  : Jtag cable 'RealDigital Boo 88742923007DA' is selected.
01:11:53 INFO  : 'jtag frequency' command is executed.
01:11:53 INFO  : 'targets -set -filter {jtag_cable_name =~ "RealDigital Boo 88742923007DA" && level==0 && jtag_device_ctx=="jsn1-0362f093-0"}' command is executed.
01:11:55 INFO  : Device configured successfully with "C:/Users/kpari/385labs/lab6/62_workspace/mb_usb_hdmi/_ide/bitstream/mb_usb_hdmi_top.bit"
01:11:55 INFO  : Context for processor 'microblaze_0' is selected.
01:11:55 INFO  : Hardware design and registers information is loaded from 'C:/Users/kpari/385labs/lab6/62_workspace/mb_usb_hdmi_top/export/mb_usb_hdmi_top/hw/mb_usb_hdmi_top.xsa'.
01:11:55 INFO  : 'configparams mdm-detect-bscan-mask 2' command is executed.
01:11:55 INFO  : Context for processor 'microblaze_0' is selected.
01:11:55 INFO  : System reset is completed.
01:11:58 INFO  : 'after 3000' command is executed.
01:11:58 INFO  : Context for processor 'microblaze_0' is selected.
01:11:58 INFO  : The application 'C:/Users/kpari/385labs/lab6/62_workspace/mb_usb_hdmi/Debug/mb_usb_hdmi.elf' is downloaded to processor 'microblaze_0'.
01:11:58 INFO  : ----------------XSDB Script----------------
connect -url tcp:127.0.0.1:3121
targets -set -filter {jtag_cable_name =~ "RealDigital Boo 88742923007DA" && level==0 && jtag_device_ctx=="jsn1-0362f093-0"}
fpga -file C:/Users/kpari/385labs/lab6/62_workspace/mb_usb_hdmi/_ide/bitstream/mb_usb_hdmi_top.bit
targets -set -nocase -filter {name =~ "*microblaze*#0" && bscan=="USER2" }
loadhw -hw C:/Users/kpari/385labs/lab6/62_workspace/mb_usb_hdmi_top/export/mb_usb_hdmi_top/hw/mb_usb_hdmi_top.xsa -regs
configparams mdm-detect-bscan-mask 2
targets -set -nocase -filter {name =~ "*microblaze*#0" && bscan=="USER2" }
rst -system
after 3000
targets -set -nocase -filter {name =~ "*microblaze*#0" && bscan=="USER2" }
dow C:/Users/kpari/385labs/lab6/62_workspace/mb_usb_hdmi/Debug/mb_usb_hdmi.elf
----------------End of Script----------------

01:11:58 INFO  : Context for processor 'microblaze_0' is selected.
01:11:58 INFO  : 'con' command is executed.
01:11:58 INFO  : ----------------XSDB Script (After Launch)----------------
targets -set -nocase -filter {name =~ "*microblaze*#0" && bscan=="USER2" }
con
----------------End of Script----------------

01:11:58 INFO  : Disconnected from the channel tcfchan#1.
01:50:28 INFO  : Connected to target on host '127.0.0.1' and port '3121'.
01:50:28 INFO  : Jtag cable 'RealDigital Boo 88742923007DA' is selected.
01:50:28 INFO  : 'jtag frequency' command is executed.
01:50:28 INFO  : 'targets -set -filter {jtag_cable_name =~ "RealDigital Boo 88742923007DA" && level==0 && jtag_device_ctx=="jsn1-0362f093-0"}' command is executed.
01:50:29 INFO  : Device configured successfully with "C:/Users/kpari/385labs/lab6/62_workspace/mb_usb_hdmi/_ide/bitstream/mb_usb_hdmi_top.bit"
01:50:30 INFO  : Context for processor 'microblaze_0' is selected.
01:50:30 INFO  : Hardware design and registers information is loaded from 'C:/Users/kpari/385labs/lab6/62_workspace/mb_usb_hdmi_top/export/mb_usb_hdmi_top/hw/mb_usb_hdmi_top.xsa'.
01:50:30 INFO  : 'configparams mdm-detect-bscan-mask 2' command is executed.
01:50:30 INFO  : Context for processor 'microblaze_0' is selected.
01:50:30 INFO  : System reset is completed.
01:50:33 INFO  : 'after 3000' command is executed.
01:50:33 INFO  : Context for processor 'microblaze_0' is selected.
01:50:33 INFO  : The application 'C:/Users/kpari/385labs/lab6/62_workspace/mb_usb_hdmi/Debug/mb_usb_hdmi.elf' is downloaded to processor 'microblaze_0'.
01:50:33 INFO  : ----------------XSDB Script----------------
connect -url tcp:127.0.0.1:3121
targets -set -filter {jtag_cable_name =~ "RealDigital Boo 88742923007DA" && level==0 && jtag_device_ctx=="jsn1-0362f093-0"}
fpga -file C:/Users/kpari/385labs/lab6/62_workspace/mb_usb_hdmi/_ide/bitstream/mb_usb_hdmi_top.bit
targets -set -nocase -filter {name =~ "*microblaze*#0" && bscan=="USER2" }
loadhw -hw C:/Users/kpari/385labs/lab6/62_workspace/mb_usb_hdmi_top/export/mb_usb_hdmi_top/hw/mb_usb_hdmi_top.xsa -regs
configparams mdm-detect-bscan-mask 2
targets -set -nocase -filter {name =~ "*microblaze*#0" && bscan=="USER2" }
rst -system
after 3000
targets -set -nocase -filter {name =~ "*microblaze*#0" && bscan=="USER2" }
dow C:/Users/kpari/385labs/lab6/62_workspace/mb_usb_hdmi/Debug/mb_usb_hdmi.elf
----------------End of Script----------------

01:50:33 INFO  : Context for processor 'microblaze_0' is selected.
01:50:33 INFO  : 'con' command is executed.
01:50:33 INFO  : ----------------XSDB Script (After Launch)----------------
targets -set -nocase -filter {name =~ "*microblaze*#0" && bscan=="USER2" }
con
----------------End of Script----------------

01:50:33 INFO  : Disconnected from the channel tcfchan#2.
02:23:46 INFO  : Connected to target on host '127.0.0.1' and port '3121'.
02:23:46 INFO  : Jtag cable 'RealDigital Boo 88742923007DA' is selected.
02:23:46 INFO  : 'jtag frequency' command is executed.
02:23:46 INFO  : 'targets -set -filter {jtag_cable_name =~ "RealDigital Boo 88742923007DA" && level==0 && jtag_device_ctx=="jsn1-0362f093-0"}' command is executed.
02:23:47 INFO  : Device configured successfully with "C:/Users/kpari/385labs/lab6/62_workspace/mb_usb_hdmi/_ide/bitstream/mb_usb_hdmi_top.bit"
02:23:47 INFO  : Context for processor 'microblaze_0' is selected.
02:23:48 INFO  : Hardware design and registers information is loaded from 'C:/Users/kpari/385labs/lab6/62_workspace/mb_usb_hdmi_top/export/mb_usb_hdmi_top/hw/mb_usb_hdmi_top.xsa'.
02:23:48 INFO  : 'configparams mdm-detect-bscan-mask 2' command is executed.
02:23:48 INFO  : Context for processor 'microblaze_0' is selected.
02:23:48 INFO  : System reset is completed.
02:23:51 INFO  : 'after 3000' command is executed.
02:23:51 INFO  : Context for processor 'microblaze_0' is selected.
02:23:51 INFO  : The application 'C:/Users/kpari/385labs/lab6/62_workspace/mb_usb_hdmi/Debug/mb_usb_hdmi.elf' is downloaded to processor 'microblaze_0'.
02:23:51 INFO  : ----------------XSDB Script----------------
connect -url tcp:127.0.0.1:3121
targets -set -filter {jtag_cable_name =~ "RealDigital Boo 88742923007DA" && level==0 && jtag_device_ctx=="jsn1-0362f093-0"}
fpga -file C:/Users/kpari/385labs/lab6/62_workspace/mb_usb_hdmi/_ide/bitstream/mb_usb_hdmi_top.bit
targets -set -nocase -filter {name =~ "*microblaze*#0" && bscan=="USER2" }
loadhw -hw C:/Users/kpari/385labs/lab6/62_workspace/mb_usb_hdmi_top/export/mb_usb_hdmi_top/hw/mb_usb_hdmi_top.xsa -regs
configparams mdm-detect-bscan-mask 2
targets -set -nocase -filter {name =~ "*microblaze*#0" && bscan=="USER2" }
rst -system
after 3000
targets -set -nocase -filter {name =~ "*microblaze*#0" && bscan=="USER2" }
dow C:/Users/kpari/385labs/lab6/62_workspace/mb_usb_hdmi/Debug/mb_usb_hdmi.elf
----------------End of Script----------------

02:23:51 INFO  : Context for processor 'microblaze_0' is selected.
02:23:51 INFO  : 'con' command is executed.
02:23:51 INFO  : ----------------XSDB Script (After Launch)----------------
targets -set -nocase -filter {name =~ "*microblaze*#0" && bscan=="USER2" }
con
----------------End of Script----------------

02:23:51 INFO  : Disconnected from the channel tcfchan#3.
11:01:02 DEBUG : Logs will be stored at 'C:/Users/kpari/385labs/lab6/62_workspace/IDE.log'.
11:01:03 INFO  : Launching XSCT server: xsct.bat -n  -interactive C:\Users\kpari\385labs\lab6\62_workspace\temp_xsdb_launch_script.tcl
11:01:07 INFO  : Platform repository initialization has completed.
11:01:08 INFO  : Registering command handlers for Vitis TCF services
11:01:08 INFO  : XSCT server has started successfully.
11:01:16 INFO  : Successfully done setting XSCT server connection channel  
11:01:16 INFO  : plnx-install-location is set to ''
11:01:16 INFO  : Successfully done query RDI_DATADIR 
11:01:16 INFO  : Successfully done setting workspace for the tool. 
11:01:52 INFO  : Hardware specification for platform project 'mb_usb_hdmi_top' is updated.
11:02:04 INFO  : Result from executing command 'removePlatformRepo': 
11:02:20 INFO  : Result from executing command 'getProjects': mb_usb_hdmi_top
11:02:20 INFO  : Result from executing command 'getPlatforms': 
11:02:20 INFO  : Checking for BSP changes to sync application flags for project 'mb_usb_hdmi'...
11:03:06 INFO  : Connected to target on host '127.0.0.1' and port '3121'.
11:03:06 INFO  : Jtag cable 'RealDigital Boo 88742923007DA' is selected.
11:03:06 INFO  : 'jtag frequency' command is executed.
11:03:06 INFO  : 'targets -set -filter {jtag_cable_name =~ "RealDigital Boo 88742923007DA" && level==0 && jtag_device_ctx=="jsn1-0362f093-0"}' command is executed.
11:03:08 INFO  : Device configured successfully with "C:/Users/kpari/385labs/lab6/62_workspace/mb_usb_hdmi/_ide/bitstream/mb_usb_hdmi_top.bit"
11:03:08 INFO  : Context for processor 'microblaze_0' is selected.
11:03:08 INFO  : Hardware design and registers information is loaded from 'C:/Users/kpari/385labs/lab6/62_workspace/mb_usb_hdmi_top/export/mb_usb_hdmi_top/hw/mb_usb_hdmi_top.xsa'.
11:03:08 INFO  : 'configparams mdm-detect-bscan-mask 2' command is executed.
11:03:08 INFO  : Context for processor 'microblaze_0' is selected.
11:03:08 INFO  : System reset is completed.
11:03:11 INFO  : 'after 3000' command is executed.
11:03:11 INFO  : Context for processor 'microblaze_0' is selected.
11:03:11 INFO  : The application 'C:/Users/kpari/385labs/lab6/62_workspace/mb_usb_hdmi/Debug/mb_usb_hdmi.elf' is downloaded to processor 'microblaze_0'.
11:03:11 INFO  : ----------------XSDB Script----------------
connect -url tcp:127.0.0.1:3121
targets -set -filter {jtag_cable_name =~ "RealDigital Boo 88742923007DA" && level==0 && jtag_device_ctx=="jsn1-0362f093-0"}
fpga -file C:/Users/kpari/385labs/lab6/62_workspace/mb_usb_hdmi/_ide/bitstream/mb_usb_hdmi_top.bit
targets -set -nocase -filter {name =~ "*microblaze*#0" && bscan=="USER2" }
loadhw -hw C:/Users/kpari/385labs/lab6/62_workspace/mb_usb_hdmi_top/export/mb_usb_hdmi_top/hw/mb_usb_hdmi_top.xsa -regs
configparams mdm-detect-bscan-mask 2
targets -set -nocase -filter {name =~ "*microblaze*#0" && bscan=="USER2" }
rst -system
after 3000
targets -set -nocase -filter {name =~ "*microblaze*#0" && bscan=="USER2" }
dow C:/Users/kpari/385labs/lab6/62_workspace/mb_usb_hdmi/Debug/mb_usb_hdmi.elf
----------------End of Script----------------

11:03:11 INFO  : Context for processor 'microblaze_0' is selected.
11:03:11 INFO  : 'con' command is executed.
11:03:11 INFO  : ----------------XSDB Script (After Launch)----------------
targets -set -nocase -filter {name =~ "*microblaze*#0" && bscan=="USER2" }
con
----------------End of Script----------------

11:03:11 INFO  : Disconnected from the channel tcfchan#3.
11:26:08 INFO  : Hardware specification for platform project 'mb_usb_hdmi_top' is updated.
11:26:45 INFO  : Result from executing command 'removePlatformRepo': 
11:26:55 INFO  : Result from executing command 'getProjects': mb_usb_hdmi_top
11:26:55 INFO  : Result from executing command 'getPlatforms': 
11:26:55 INFO  : Checking for BSP changes to sync application flags for project 'mb_usb_hdmi'...
11:26:58 INFO  : The hardware specification used by project 'mb_usb_hdmi' is out of sync with the platform. Resource files extracted from the hardware specification will be updated.
11:26:58 INFO  : The file 'C:\Users\kpari\385labs\lab6\62_workspace\mb_usb_hdmi\_ide\bitstream\mb_usb_hdmi_top.bit' stored in project is removed.
11:26:58 INFO  : The file 'C:\Users\kpari\385labs\lab6\62_workspace\mb_usb_hdmi\_ide\bitstream\mb_usb_hdmi_top.mmi' stored in project is removed.
11:26:58 INFO  : The updated bitstream files are copied from platform to folder 'C:\Users\kpari\385labs\lab6\62_workspace\mb_usb_hdmi\_ide\bitstream' in project 'mb_usb_hdmi'.
11:27:03 INFO  : Connected to target on host '127.0.0.1' and port '3121'.
11:27:03 INFO  : Jtag cable 'RealDigital Boo 88742923007DA' is selected.
11:27:03 INFO  : 'jtag frequency' command is executed.
11:27:03 INFO  : 'targets -set -filter {jtag_cable_name =~ "RealDigital Boo 88742923007DA" && level==0 && jtag_device_ctx=="jsn1-0362f093-0"}' command is executed.
11:27:04 INFO  : Device configured successfully with "C:/Users/kpari/385labs/lab6/62_workspace/mb_usb_hdmi/_ide/bitstream/mb_usb_hdmi_top.bit"
11:27:05 INFO  : Context for processor 'microblaze_0' is selected.
11:27:05 INFO  : Hardware design and registers information is loaded from 'C:/Users/kpari/385labs/lab6/62_workspace/mb_usb_hdmi_top/export/mb_usb_hdmi_top/hw/mb_usb_hdmi_top.xsa'.
11:27:05 INFO  : 'configparams mdm-detect-bscan-mask 2' command is executed.
11:27:05 INFO  : Context for processor 'microblaze_0' is selected.
11:27:05 INFO  : System reset is completed.
11:27:08 INFO  : 'after 3000' command is executed.
11:27:08 INFO  : Context for processor 'microblaze_0' is selected.
11:27:08 INFO  : The application 'C:/Users/kpari/385labs/lab6/62_workspace/mb_usb_hdmi/Debug/mb_usb_hdmi.elf' is downloaded to processor 'microblaze_0'.
11:27:08 INFO  : ----------------XSDB Script----------------
connect -url tcp:127.0.0.1:3121
targets -set -filter {jtag_cable_name =~ "RealDigital Boo 88742923007DA" && level==0 && jtag_device_ctx=="jsn1-0362f093-0"}
fpga -file C:/Users/kpari/385labs/lab6/62_workspace/mb_usb_hdmi/_ide/bitstream/mb_usb_hdmi_top.bit
targets -set -nocase -filter {name =~ "*microblaze*#0" && bscan=="USER2" }
loadhw -hw C:/Users/kpari/385labs/lab6/62_workspace/mb_usb_hdmi_top/export/mb_usb_hdmi_top/hw/mb_usb_hdmi_top.xsa -regs
configparams mdm-detect-bscan-mask 2
targets -set -nocase -filter {name =~ "*microblaze*#0" && bscan=="USER2" }
rst -system
after 3000
targets -set -nocase -filter {name =~ "*microblaze*#0" && bscan=="USER2" }
dow C:/Users/kpari/385labs/lab6/62_workspace/mb_usb_hdmi/Debug/mb_usb_hdmi.elf
----------------End of Script----------------

11:27:08 INFO  : Context for processor 'microblaze_0' is selected.
11:27:08 INFO  : 'con' command is executed.
11:27:08 INFO  : ----------------XSDB Script (After Launch)----------------
targets -set -nocase -filter {name =~ "*microblaze*#0" && bscan=="USER2" }
con
----------------End of Script----------------

11:27:08 INFO  : Disconnected from the channel tcfchan#6.
11:28:11 INFO  : Hardware specification for platform project 'mb_usb_hdmi_top' is updated.
11:28:22 INFO  : Result from executing command 'getProjects': mb_usb_hdmi_top
11:28:22 INFO  : Result from executing command 'getPlatforms': mb_usb_hdmi_top|C:/Users/kpari/385labs/lab6/62_workspace/mb_usb_hdmi_top/export/mb_usb_hdmi_top/mb_usb_hdmi_top.xpfm
11:28:22 INFO  : Checking for BSP changes to sync application flags for project 'mb_usb_hdmi'...
11:28:28 INFO  : Connected to target on host '127.0.0.1' and port '3121'.
11:28:29 INFO  : Jtag cable 'RealDigital Boo 88742923007DA' is selected.
11:28:29 INFO  : 'jtag frequency' command is executed.
11:28:29 INFO  : 'targets -set -filter {jtag_cable_name =~ "RealDigital Boo 88742923007DA" && level==0 && jtag_device_ctx=="jsn1-0362f093-0"}' command is executed.
11:28:30 INFO  : Device configured successfully with "C:/Users/kpari/385labs/lab6/62_workspace/mb_usb_hdmi/_ide/bitstream/mb_usb_hdmi_top.bit"
11:28:30 INFO  : Context for processor 'microblaze_0' is selected.
11:28:30 INFO  : Hardware design and registers information is loaded from 'C:/Users/kpari/385labs/lab6/62_workspace/mb_usb_hdmi_top/export/mb_usb_hdmi_top/hw/mb_usb_hdmi_top.xsa'.
11:28:30 INFO  : 'configparams mdm-detect-bscan-mask 2' command is executed.
11:28:30 INFO  : Context for processor 'microblaze_0' is selected.
11:28:30 INFO  : System reset is completed.
11:28:33 INFO  : 'after 3000' command is executed.
11:28:33 INFO  : Context for processor 'microblaze_0' is selected.
11:28:33 INFO  : The application 'C:/Users/kpari/385labs/lab6/62_workspace/mb_usb_hdmi/Debug/mb_usb_hdmi.elf' is downloaded to processor 'microblaze_0'.
11:28:33 INFO  : ----------------XSDB Script----------------
connect -url tcp:127.0.0.1:3121
targets -set -filter {jtag_cable_name =~ "RealDigital Boo 88742923007DA" && level==0 && jtag_device_ctx=="jsn1-0362f093-0"}
fpga -file C:/Users/kpari/385labs/lab6/62_workspace/mb_usb_hdmi/_ide/bitstream/mb_usb_hdmi_top.bit
targets -set -nocase -filter {name =~ "*microblaze*#0" && bscan=="USER2" }
loadhw -hw C:/Users/kpari/385labs/lab6/62_workspace/mb_usb_hdmi_top/export/mb_usb_hdmi_top/hw/mb_usb_hdmi_top.xsa -regs
configparams mdm-detect-bscan-mask 2
targets -set -nocase -filter {name =~ "*microblaze*#0" && bscan=="USER2" }
rst -system
after 3000
targets -set -nocase -filter {name =~ "*microblaze*#0" && bscan=="USER2" }
dow C:/Users/kpari/385labs/lab6/62_workspace/mb_usb_hdmi/Debug/mb_usb_hdmi.elf
----------------End of Script----------------

11:28:34 INFO  : Context for processor 'microblaze_0' is selected.
11:28:34 INFO  : 'con' command is executed.
11:28:34 INFO  : ----------------XSDB Script (After Launch)----------------
targets -set -nocase -filter {name =~ "*microblaze*#0" && bscan=="USER2" }
con
----------------End of Script----------------

11:28:34 INFO  : Disconnected from the channel tcfchan#8.
