12:51:35 DEBUG : Logs will be stored at 'C:/Users/kpari/385labs/lab6/61_workspace/IDE.log'.
12:51:37 INFO  : Platform repository initialization has completed.
12:51:37 INFO  : Launching XSCT server: xsct.bat -n  -interactive C:\Users\kpari\385labs\lab6\61_workspace\temp_xsdb_launch_script.tcl
12:51:37 INFO  : Registering command handlers for Vitis TCF services
12:51:40 INFO  : XSCT server has started successfully.
12:51:40 INFO  : plnx-install-location is set to ''
12:51:44 INFO  : Successfully done setting XSCT server connection channel  
12:51:44 INFO  : Successfully done query RDI_DATADIR 
12:51:44 INFO  : Successfully done setting workspace for the tool. 
13:08:42 INFO  : Result from executing command 'getProjects': mb_intro_top
13:08:42 INFO  : Result from executing command 'getPlatforms': 
13:08:42 WARN  : An unexpected exception occurred in the module 'platform project logging'
13:08:43 INFO  : Platform 'mb_intro_top' is added to custom repositories.
13:08:45 INFO  : Platform 'mb_intro_top' is added to custom repositories.
13:28:10 INFO  : Result from executing command 'getProjects': mb_intro_top
13:28:10 INFO  : Result from executing command 'getPlatforms': mb_intro_top|C:/Users/kpari/385labs/lab6/61_workspace/mb_intro_top/export/mb_intro_top/mb_intro_top.xpfm
13:28:10 INFO  : Checking for BSP changes to sync application flags for project 'mb_blink'...
13:29:00 INFO  : Checking for BSP changes to sync application flags for project 'mb_blink'...
13:32:48 INFO  : Connected to target on host '127.0.0.1' and port '3121'.
13:32:48 INFO  : Jtag cable 'RealDigital Boo 88742923007DA' is selected.
13:32:48 INFO  : 'jtag frequency' command is executed.
13:32:48 INFO  : 'targets -set -filter {jtag_cable_name =~ "RealDigital Boo 88742923007DA" && level==0 && jtag_device_ctx=="jsn1-0362f093-0"}' command is executed.
13:32:50 INFO  : Device configured successfully with "C:/Users/kpari/385labs/lab6/61_workspace/mb_blink/_ide/bitstream/mb_intro_top.bit"
13:32:50 INFO  : Context for processor 'microblaze_0' is selected.
13:32:50 INFO  : Hardware design and registers information is loaded from 'C:/Users/kpari/385labs/lab6/61_workspace/mb_intro_top/export/mb_intro_top/hw/mb_intro_top.xsa'.
13:32:50 INFO  : 'configparams mdm-detect-bscan-mask 2' command is executed.
13:32:50 INFO  : Context for processor 'microblaze_0' is selected.
13:32:50 INFO  : System reset is completed.
13:32:53 INFO  : 'after 3000' command is executed.
13:32:53 INFO  : Context for processor 'microblaze_0' is selected.
13:32:53 INFO  : The application 'C:/Users/kpari/385labs/lab6/61_workspace/mb_blink/Debug/mb_blink.elf' is downloaded to processor 'microblaze_0'.
13:32:53 INFO  : ----------------XSDB Script----------------
connect -url tcp:127.0.0.1:3121
targets -set -filter {jtag_cable_name =~ "RealDigital Boo 88742923007DA" && level==0 && jtag_device_ctx=="jsn1-0362f093-0"}
fpga -file C:/Users/kpari/385labs/lab6/61_workspace/mb_blink/_ide/bitstream/mb_intro_top.bit
targets -set -nocase -filter {name =~ "*microblaze*#0" && bscan=="USER2" }
loadhw -hw C:/Users/kpari/385labs/lab6/61_workspace/mb_intro_top/export/mb_intro_top/hw/mb_intro_top.xsa -regs
configparams mdm-detect-bscan-mask 2
targets -set -nocase -filter {name =~ "*microblaze*#0" && bscan=="USER2" }
rst -system
after 3000
targets -set -nocase -filter {name =~ "*microblaze*#0" && bscan=="USER2" }
dow C:/Users/kpari/385labs/lab6/61_workspace/mb_blink/Debug/mb_blink.elf
----------------End of Script----------------

13:32:53 INFO  : Context for processor 'microblaze_0' is selected.
13:32:53 INFO  : 'con' command is executed.
13:32:53 INFO  : ----------------XSDB Script (After Launch)----------------
targets -set -nocase -filter {name =~ "*microblaze*#0" && bscan=="USER2" }
con
----------------End of Script----------------

13:32:53 INFO  : Disconnected from the channel tcfchan#2.
13:59:54 INFO  : Hardware specification for platform project 'mb_intro_top' is updated.
14:02:42 INFO  : Result from executing command 'removePlatformRepo': 
14:02:59 INFO  : Result from executing command 'getProjects': mb_intro_top
14:02:59 INFO  : Result from executing command 'getPlatforms': 
14:05:30 INFO  : Result from executing command 'removePlatformRepo': 
14:05:34 INFO  : Result from executing command 'getProjects': mb_intro_top
14:05:34 INFO  : Result from executing command 'getPlatforms': 
14:05:34 INFO  : Checking for BSP changes to sync application flags for project 'mb_blink'...
14:06:50 INFO  : Connected to target on host '127.0.0.1' and port '3121'.
14:06:51 INFO  : Jtag cable 'RealDigital Boo 88742923007DA' is selected.
14:06:51 INFO  : 'jtag frequency' command is executed.
14:06:51 INFO  : 'targets -set -filter {jtag_cable_name =~ "RealDigital Boo 88742923007DA" && level==0 && jtag_device_ctx=="jsn1-0362f093-0"}' command is executed.
14:06:52 INFO  : Device configured successfully with "C:/Users/kpari/385labs/lab6/61_workspace/mb_blink/_ide/bitstream/mb_intro_top.bit"
14:06:52 INFO  : Context for processor 'microblaze_0' is selected.
14:06:52 INFO  : Hardware design and registers information is loaded from 'C:/Users/kpari/385labs/lab6/61_workspace/mb_intro_top/export/mb_intro_top/hw/mb_intro_top.xsa'.
14:06:52 INFO  : 'configparams mdm-detect-bscan-mask 2' command is executed.
14:06:52 INFO  : Context for processor 'microblaze_0' is selected.
14:06:52 INFO  : System reset is completed.
14:06:55 INFO  : 'after 3000' command is executed.
14:06:55 INFO  : Context for processor 'microblaze_0' is selected.
14:06:55 INFO  : The application 'C:/Users/kpari/385labs/lab6/61_workspace/mb_blink/Debug/mb_blink.elf' is downloaded to processor 'microblaze_0'.
14:06:55 INFO  : ----------------XSDB Script----------------
connect -url tcp:127.0.0.1:3121
targets -set -filter {jtag_cable_name =~ "RealDigital Boo 88742923007DA" && level==0 && jtag_device_ctx=="jsn1-0362f093-0"}
fpga -file C:/Users/kpari/385labs/lab6/61_workspace/mb_blink/_ide/bitstream/mb_intro_top.bit
targets -set -nocase -filter {name =~ "*microblaze*#0" && bscan=="USER2" }
loadhw -hw C:/Users/kpari/385labs/lab6/61_workspace/mb_intro_top/export/mb_intro_top/hw/mb_intro_top.xsa -regs
configparams mdm-detect-bscan-mask 2
targets -set -nocase -filter {name =~ "*microblaze*#0" && bscan=="USER2" }
rst -system
after 3000
targets -set -nocase -filter {name =~ "*microblaze*#0" && bscan=="USER2" }
dow C:/Users/kpari/385labs/lab6/61_workspace/mb_blink/Debug/mb_blink.elf
----------------End of Script----------------

14:06:55 INFO  : Context for processor 'microblaze_0' is selected.
14:06:55 INFO  : 'con' command is executed.
14:06:55 INFO  : ----------------XSDB Script (After Launch)----------------
targets -set -nocase -filter {name =~ "*microblaze*#0" && bscan=="USER2" }
con
----------------End of Script----------------

14:06:55 INFO  : Disconnected from the channel tcfchan#7.
14:08:21 INFO  : Checking for BSP changes to sync application flags for project 'mb_blink'...
14:08:34 INFO  : Connected to target on host '127.0.0.1' and port '3121'.
14:08:35 INFO  : Jtag cable 'RealDigital Boo 88742923007DA' is selected.
14:08:35 INFO  : 'jtag frequency' command is executed.
14:08:35 INFO  : 'targets -set -filter {jtag_cable_name =~ "RealDigital Boo 88742923007DA" && level==0 && jtag_device_ctx=="jsn1-0362f093-0"}' command is executed.
14:08:36 INFO  : Device configured successfully with "C:/Users/kpari/385labs/lab6/61_workspace/mb_blink/_ide/bitstream/mb_intro_top.bit"
14:08:36 INFO  : Context for processor 'microblaze_0' is selected.
14:08:36 INFO  : Hardware design and registers information is loaded from 'C:/Users/kpari/385labs/lab6/61_workspace/mb_intro_top/export/mb_intro_top/hw/mb_intro_top.xsa'.
14:08:36 INFO  : 'configparams mdm-detect-bscan-mask 2' command is executed.
14:08:36 INFO  : Context for processor 'microblaze_0' is selected.
14:08:36 INFO  : System reset is completed.
14:08:39 INFO  : 'after 3000' command is executed.
14:08:39 INFO  : Context for processor 'microblaze_0' is selected.
14:08:39 INFO  : The application 'C:/Users/kpari/385labs/lab6/61_workspace/mb_blink/Debug/mb_blink.elf' is downloaded to processor 'microblaze_0'.
14:08:39 INFO  : ----------------XSDB Script----------------
connect -url tcp:127.0.0.1:3121
targets -set -filter {jtag_cable_name =~ "RealDigital Boo 88742923007DA" && level==0 && jtag_device_ctx=="jsn1-0362f093-0"}
fpga -file C:/Users/kpari/385labs/lab6/61_workspace/mb_blink/_ide/bitstream/mb_intro_top.bit
targets -set -nocase -filter {name =~ "*microblaze*#0" && bscan=="USER2" }
loadhw -hw C:/Users/kpari/385labs/lab6/61_workspace/mb_intro_top/export/mb_intro_top/hw/mb_intro_top.xsa -regs
configparams mdm-detect-bscan-mask 2
targets -set -nocase -filter {name =~ "*microblaze*#0" && bscan=="USER2" }
rst -system
after 3000
targets -set -nocase -filter {name =~ "*microblaze*#0" && bscan=="USER2" }
dow C:/Users/kpari/385labs/lab6/61_workspace/mb_blink/Debug/mb_blink.elf
----------------End of Script----------------

14:08:39 INFO  : Context for processor 'microblaze_0' is selected.
14:08:39 INFO  : 'con' command is executed.
14:08:39 INFO  : ----------------XSDB Script (After Launch)----------------
targets -set -nocase -filter {name =~ "*microblaze*#0" && bscan=="USER2" }
con
----------------End of Script----------------

14:08:39 INFO  : Disconnected from the channel tcfchan#8.
14:11:17 INFO  : Checking for BSP changes to sync application flags for project 'mb_blink'...
14:11:44 INFO  : Connected to target on host '127.0.0.1' and port '3121'.
14:11:45 INFO  : Jtag cable 'RealDigital Boo 88742923007DA' is selected.
14:11:45 INFO  : 'jtag frequency' command is executed.
14:11:45 INFO  : 'targets -set -filter {jtag_cable_name =~ "RealDigital Boo 88742923007DA" && level==0 && jtag_device_ctx=="jsn1-0362f093-0"}' command is executed.
14:11:46 INFO  : Device configured successfully with "C:/Users/kpari/385labs/lab6/61_workspace/mb_blink/_ide/bitstream/mb_intro_top.bit"
14:11:46 INFO  : Context for processor 'microblaze_0' is selected.
14:11:46 INFO  : Hardware design and registers information is loaded from 'C:/Users/kpari/385labs/lab6/61_workspace/mb_intro_top/export/mb_intro_top/hw/mb_intro_top.xsa'.
14:11:46 INFO  : 'configparams mdm-detect-bscan-mask 2' command is executed.
14:11:46 INFO  : Context for processor 'microblaze_0' is selected.
14:11:46 INFO  : System reset is completed.
14:11:49 INFO  : 'after 3000' command is executed.
14:11:49 INFO  : Context for processor 'microblaze_0' is selected.
14:11:49 INFO  : The application 'C:/Users/kpari/385labs/lab6/61_workspace/mb_blink/Debug/mb_blink.elf' is downloaded to processor 'microblaze_0'.
14:11:49 INFO  : ----------------XSDB Script----------------
connect -url tcp:127.0.0.1:3121
targets -set -filter {jtag_cable_name =~ "RealDigital Boo 88742923007DA" && level==0 && jtag_device_ctx=="jsn1-0362f093-0"}
fpga -file C:/Users/kpari/385labs/lab6/61_workspace/mb_blink/_ide/bitstream/mb_intro_top.bit
targets -set -nocase -filter {name =~ "*microblaze*#0" && bscan=="USER2" }
loadhw -hw C:/Users/kpari/385labs/lab6/61_workspace/mb_intro_top/export/mb_intro_top/hw/mb_intro_top.xsa -regs
configparams mdm-detect-bscan-mask 2
targets -set -nocase -filter {name =~ "*microblaze*#0" && bscan=="USER2" }
rst -system
after 3000
targets -set -nocase -filter {name =~ "*microblaze*#0" && bscan=="USER2" }
dow C:/Users/kpari/385labs/lab6/61_workspace/mb_blink/Debug/mb_blink.elf
----------------End of Script----------------

14:11:49 INFO  : Context for processor 'microblaze_0' is selected.
14:11:49 INFO  : 'con' command is executed.
14:11:49 INFO  : ----------------XSDB Script (After Launch)----------------
targets -set -nocase -filter {name =~ "*microblaze*#0" && bscan=="USER2" }
con
----------------End of Script----------------

14:11:49 INFO  : Disconnected from the channel tcfchan#9.
14:13:43 INFO  : Result from executing command 'removePlatformRepo': 
14:13:53 INFO  : Result from executing command 'getProjects': mb_intro_top
14:13:53 INFO  : Result from executing command 'getPlatforms': 
14:13:53 INFO  : Checking for BSP changes to sync application flags for project 'mb_blink'...
14:14:11 INFO  : Connected to target on host '127.0.0.1' and port '3121'.
14:14:11 INFO  : Jtag cable 'RealDigital Boo 88742923007DA' is selected.
14:14:11 INFO  : 'jtag frequency' command is executed.
14:14:12 INFO  : 'targets -set -filter {jtag_cable_name =~ "RealDigital Boo 88742923007DA" && level==0 && jtag_device_ctx=="jsn1-0362f093-0"}' command is executed.
14:14:13 INFO  : Device configured successfully with "C:/Users/kpari/385labs/lab6/61_workspace/mb_blink/_ide/bitstream/mb_intro_top.bit"
14:14:13 INFO  : Context for processor 'microblaze_0' is selected.
14:14:13 INFO  : Hardware design and registers information is loaded from 'C:/Users/kpari/385labs/lab6/61_workspace/mb_intro_top/export/mb_intro_top/hw/mb_intro_top.xsa'.
14:14:13 INFO  : 'configparams mdm-detect-bscan-mask 2' command is executed.
14:14:13 INFO  : Context for processor 'microblaze_0' is selected.
14:14:13 INFO  : System reset is completed.
14:14:16 INFO  : 'after 3000' command is executed.
14:14:16 INFO  : Context for processor 'microblaze_0' is selected.
14:14:16 INFO  : The application 'C:/Users/kpari/385labs/lab6/61_workspace/mb_blink/Debug/mb_blink.elf' is downloaded to processor 'microblaze_0'.
14:14:16 INFO  : ----------------XSDB Script----------------
connect -url tcp:127.0.0.1:3121
targets -set -filter {jtag_cable_name =~ "RealDigital Boo 88742923007DA" && level==0 && jtag_device_ctx=="jsn1-0362f093-0"}
fpga -file C:/Users/kpari/385labs/lab6/61_workspace/mb_blink/_ide/bitstream/mb_intro_top.bit
targets -set -nocase -filter {name =~ "*microblaze*#0" && bscan=="USER2" }
loadhw -hw C:/Users/kpari/385labs/lab6/61_workspace/mb_intro_top/export/mb_intro_top/hw/mb_intro_top.xsa -regs
configparams mdm-detect-bscan-mask 2
targets -set -nocase -filter {name =~ "*microblaze*#0" && bscan=="USER2" }
rst -system
after 3000
targets -set -nocase -filter {name =~ "*microblaze*#0" && bscan=="USER2" }
dow C:/Users/kpari/385labs/lab6/61_workspace/mb_blink/Debug/mb_blink.elf
----------------End of Script----------------

14:14:16 INFO  : Context for processor 'microblaze_0' is selected.
14:14:16 INFO  : 'con' command is executed.
14:14:16 INFO  : ----------------XSDB Script (After Launch)----------------
targets -set -nocase -filter {name =~ "*microblaze*#0" && bscan=="USER2" }
con
----------------End of Script----------------

14:14:16 INFO  : Disconnected from the channel tcfchan#12.
14:15:22 DEBUG : Logs will be stored at 'C:/Users/kpari/385labs/lab6/61_workspace/IDE.log'.
14:15:22 INFO  : Launching XSCT server: xsct.bat -n  -interactive C:\Users\kpari\385labs\lab6\61_workspace\temp_xsdb_launch_script.tcl
14:15:24 INFO  : XSCT server has started successfully.
14:15:24 INFO  : plnx-install-location is set to ''
14:15:24 INFO  : Successfully done setting XSCT server connection channel  
14:15:24 INFO  : Successfully done setting workspace for the tool. 
14:15:25 INFO  : Platform repository initialization has completed.
14:15:25 INFO  : Registering command handlers for Vitis TCF services
14:15:26 INFO  : Successfully done query RDI_DATADIR 
14:16:01 INFO  : Checking for BSP changes to sync application flags for project 'mb_blink'...
14:16:12 INFO  : Result from executing command 'removePlatformRepo': 
14:16:18 INFO  : Result from executing command 'getProjects': mb_intro_top
14:16:18 INFO  : Result from executing command 'getPlatforms': 
14:16:18 INFO  : Checking for BSP changes to sync application flags for project 'mb_blink'...
14:17:04 INFO  : Connected to target on host '127.0.0.1' and port '3121'.
14:17:04 INFO  : Jtag cable 'RealDigital Boo 88742923007DA' is selected.
14:17:04 INFO  : 'jtag frequency' command is executed.
14:17:04 INFO  : 'targets -set -filter {jtag_cable_name =~ "RealDigital Boo 88742923007DA" && level==0 && jtag_device_ctx=="jsn1-0362f093-0"}' command is executed.
14:17:06 INFO  : Device configured successfully with "C:/Users/kpari/385labs/lab6/61_workspace/mb_blink/_ide/bitstream/mb_intro_top.bit"
14:17:06 INFO  : Context for processor 'microblaze_0' is selected.
14:17:06 INFO  : Hardware design and registers information is loaded from 'C:/Users/kpari/385labs/lab6/61_workspace/mb_intro_top/export/mb_intro_top/hw/mb_intro_top.xsa'.
14:17:06 INFO  : 'configparams mdm-detect-bscan-mask 2' command is executed.
14:17:06 INFO  : Context for processor 'microblaze_0' is selected.
14:17:06 INFO  : System reset is completed.
14:17:09 INFO  : 'after 3000' command is executed.
14:17:09 INFO  : Context for processor 'microblaze_0' is selected.
14:17:09 INFO  : The application 'C:/Users/kpari/385labs/lab6/61_workspace/mb_blink/Debug/mb_blink.elf' is downloaded to processor 'microblaze_0'.
14:17:09 INFO  : ----------------XSDB Script----------------
connect -url tcp:127.0.0.1:3121
targets -set -filter {jtag_cable_name =~ "RealDigital Boo 88742923007DA" && level==0 && jtag_device_ctx=="jsn1-0362f093-0"}
fpga -file C:/Users/kpari/385labs/lab6/61_workspace/mb_blink/_ide/bitstream/mb_intro_top.bit
targets -set -nocase -filter {name =~ "*microblaze*#0" && bscan=="USER2" }
loadhw -hw C:/Users/kpari/385labs/lab6/61_workspace/mb_intro_top/export/mb_intro_top/hw/mb_intro_top.xsa -regs
configparams mdm-detect-bscan-mask 2
targets -set -nocase -filter {name =~ "*microblaze*#0" && bscan=="USER2" }
rst -system
after 3000
targets -set -nocase -filter {name =~ "*microblaze*#0" && bscan=="USER2" }
dow C:/Users/kpari/385labs/lab6/61_workspace/mb_blink/Debug/mb_blink.elf
----------------End of Script----------------

14:17:09 INFO  : Context for processor 'microblaze_0' is selected.
14:17:09 INFO  : 'con' command is executed.
14:17:09 INFO  : ----------------XSDB Script (After Launch)----------------
targets -set -nocase -filter {name =~ "*microblaze*#0" && bscan=="USER2" }
con
----------------End of Script----------------

14:17:09 INFO  : Disconnected from the channel tcfchan#3.
14:18:20 INFO  : Checking for BSP changes to sync application flags for project 'mb_blink'...
14:23:01 DEBUG : Logs will be stored at 'C:/Users/kpari/385labs/lab6/61_workspace/IDE.log'.
14:23:01 INFO  : Launching XSCT server: xsct.bat -n  -interactive C:\Users\kpari\385labs\lab6\61_workspace\temp_xsdb_launch_script.tcl
14:23:03 INFO  : XSCT server has started successfully.
14:23:03 INFO  : Successfully done setting XSCT server connection channel  
14:23:03 INFO  : plnx-install-location is set to ''
14:23:03 INFO  : Successfully done setting workspace for the tool. 
14:23:04 INFO  : Platform repository initialization has completed.
14:23:04 INFO  : Successfully done query RDI_DATADIR 
14:23:04 INFO  : Registering command handlers for Vitis TCF services
14:23:26 INFO  : Hardware specification for platform project 'mb_intro_top' is updated.
14:23:41 INFO  : Result from executing command 'getProjects': mb_intro_top
14:23:41 INFO  : Result from executing command 'getPlatforms': mb_intro_top|C:/Users/kpari/385labs/lab6/61_workspace/mb_intro_top/export/mb_intro_top/mb_intro_top.xpfm
14:23:42 INFO  : Checking for BSP changes to sync application flags for project 'mb_blink'...
14:26:10 INFO  : Hardware specification for platform project 'mb_intro_top' is updated.
14:26:34 INFO  : Result from executing command 'getProjects': mb_intro_top
14:26:34 INFO  : Result from executing command 'getPlatforms': mb_intro_top|C:/Users/kpari/385labs/lab6/61_workspace/mb_intro_top/export/mb_intro_top/mb_intro_top.xpfm
14:26:34 INFO  : Checking for BSP changes to sync application flags for project 'mb_blink'...
14:26:34 INFO  : Updating application flags with new BSP settings...
14:26:34 INFO  : Successfully updated application flags for project mb_blink.
14:26:36 INFO  : The hardware specification used by project 'mb_blink' is out of sync with the platform. Resource files extracted from the hardware specification will be updated.
14:26:36 INFO  : The file 'C:\Users\kpari\385labs\lab6\61_workspace\mb_blink\_ide\bitstream\mb_intro_top.bit' stored in project is removed.
14:26:36 INFO  : The file 'C:\Users\kpari\385labs\lab6\61_workspace\mb_blink\_ide\bitstream\mb_intro_top.mmi' stored in project is removed.
14:26:36 INFO  : The updated bitstream files are copied from platform to folder 'C:\Users\kpari\385labs\lab6\61_workspace\mb_blink\_ide\bitstream' in project 'mb_blink'.
14:26:58 INFO  : Hardware specification for platform project 'mb_intro_top' is updated.
14:27:08 INFO  : Result from executing command 'removePlatformRepo': 
14:27:16 INFO  : Result from executing command 'getProjects': mb_intro_top
14:27:16 INFO  : Result from executing command 'getPlatforms': 
14:27:17 INFO  : Checking for BSP changes to sync application flags for project 'mb_blink'...
14:29:13 INFO  : Checking for BSP changes to sync application flags for project 'mb_blink'...
14:29:43 INFO  : Checking for BSP changes to sync application flags for project 'mb_blink'...
14:29:50 INFO  : Connected to target on host '127.0.0.1' and port '3121'.
14:29:50 INFO  : Jtag cable 'RealDigital Boo 88742923007DA' is selected.
14:29:50 INFO  : 'jtag frequency' command is executed.
14:29:50 INFO  : 'targets -set -filter {jtag_cable_name =~ "RealDigital Boo 88742923007DA" && level==0 && jtag_device_ctx=="jsn1-0362f093-0"}' command is executed.
14:29:52 INFO  : Device configured successfully with "C:/Users/kpari/385labs/lab6/61_workspace/mb_blink/_ide/bitstream/mb_intro_top.bit"
14:29:52 INFO  : Context for processor 'microblaze_0' is selected.
14:29:52 INFO  : Hardware design and registers information is loaded from 'C:/Users/kpari/385labs/lab6/61_workspace/mb_intro_top/export/mb_intro_top/hw/mb_intro_top.xsa'.
14:29:52 INFO  : 'configparams mdm-detect-bscan-mask 2' command is executed.
14:29:52 INFO  : Context for processor 'microblaze_0' is selected.
14:29:52 INFO  : System reset is completed.
14:29:55 INFO  : 'after 3000' command is executed.
14:29:55 INFO  : Context for processor 'microblaze_0' is selected.
14:29:55 INFO  : The application 'C:/Users/kpari/385labs/lab6/61_workspace/mb_blink/Debug/mb_blink.elf' is downloaded to processor 'microblaze_0'.
14:29:55 INFO  : ----------------XSDB Script----------------
connect -url tcp:127.0.0.1:3121
targets -set -filter {jtag_cable_name =~ "RealDigital Boo 88742923007DA" && level==0 && jtag_device_ctx=="jsn1-0362f093-0"}
fpga -file C:/Users/kpari/385labs/lab6/61_workspace/mb_blink/_ide/bitstream/mb_intro_top.bit
targets -set -nocase -filter {name =~ "*microblaze*#0" && bscan=="USER2" }
loadhw -hw C:/Users/kpari/385labs/lab6/61_workspace/mb_intro_top/export/mb_intro_top/hw/mb_intro_top.xsa -regs
configparams mdm-detect-bscan-mask 2
targets -set -nocase -filter {name =~ "*microblaze*#0" && bscan=="USER2" }
rst -system
after 3000
targets -set -nocase -filter {name =~ "*microblaze*#0" && bscan=="USER2" }
dow C:/Users/kpari/385labs/lab6/61_workspace/mb_blink/Debug/mb_blink.elf
----------------End of Script----------------

14:29:55 INFO  : Context for processor 'microblaze_0' is selected.
14:29:55 INFO  : 'con' command is executed.
14:29:55 INFO  : ----------------XSDB Script (After Launch)----------------
targets -set -nocase -filter {name =~ "*microblaze*#0" && bscan=="USER2" }
con
----------------End of Script----------------

14:29:55 INFO  : Disconnected from the channel tcfchan#5.
14:30:29 INFO  : Checking for BSP changes to sync application flags for project 'mb_blink'...
14:30:37 INFO  : Connected to target on host '127.0.0.1' and port '3121'.
14:30:38 INFO  : Jtag cable 'RealDigital Boo 88742923007DA' is selected.
14:30:38 INFO  : 'jtag frequency' command is executed.
14:30:38 INFO  : 'targets -set -filter {jtag_cable_name =~ "RealDigital Boo 88742923007DA" && level==0 && jtag_device_ctx=="jsn1-0362f093-0"}' command is executed.
14:30:39 INFO  : Device configured successfully with "C:/Users/kpari/385labs/lab6/61_workspace/mb_blink/_ide/bitstream/mb_intro_top.bit"
14:30:39 INFO  : Context for processor 'microblaze_0' is selected.
14:30:39 INFO  : Hardware design and registers information is loaded from 'C:/Users/kpari/385labs/lab6/61_workspace/mb_intro_top/export/mb_intro_top/hw/mb_intro_top.xsa'.
14:30:39 INFO  : 'configparams mdm-detect-bscan-mask 2' command is executed.
14:30:39 INFO  : Context for processor 'microblaze_0' is selected.
14:30:39 INFO  : System reset is completed.
14:30:42 INFO  : 'after 3000' command is executed.
14:30:42 INFO  : Context for processor 'microblaze_0' is selected.
14:30:42 INFO  : The application 'C:/Users/kpari/385labs/lab6/61_workspace/mb_blink/Debug/mb_blink.elf' is downloaded to processor 'microblaze_0'.
14:30:42 INFO  : ----------------XSDB Script----------------
connect -url tcp:127.0.0.1:3121
targets -set -filter {jtag_cable_name =~ "RealDigital Boo 88742923007DA" && level==0 && jtag_device_ctx=="jsn1-0362f093-0"}
fpga -file C:/Users/kpari/385labs/lab6/61_workspace/mb_blink/_ide/bitstream/mb_intro_top.bit
targets -set -nocase -filter {name =~ "*microblaze*#0" && bscan=="USER2" }
loadhw -hw C:/Users/kpari/385labs/lab6/61_workspace/mb_intro_top/export/mb_intro_top/hw/mb_intro_top.xsa -regs
configparams mdm-detect-bscan-mask 2
targets -set -nocase -filter {name =~ "*microblaze*#0" && bscan=="USER2" }
rst -system
after 3000
targets -set -nocase -filter {name =~ "*microblaze*#0" && bscan=="USER2" }
dow C:/Users/kpari/385labs/lab6/61_workspace/mb_blink/Debug/mb_blink.elf
----------------End of Script----------------

14:30:42 INFO  : Context for processor 'microblaze_0' is selected.
14:30:42 INFO  : 'con' command is executed.
14:30:42 INFO  : ----------------XSDB Script (After Launch)----------------
targets -set -nocase -filter {name =~ "*microblaze*#0" && bscan=="USER2" }
con
----------------End of Script----------------

14:30:42 INFO  : Disconnected from the channel tcfchan#6.
14:31:00 INFO  : Checking for BSP changes to sync application flags for project 'mb_blink'...
14:31:07 INFO  : Connected to target on host '127.0.0.1' and port '3121'.
14:31:07 INFO  : Jtag cable 'RealDigital Boo 88742923007DA' is selected.
14:31:07 INFO  : 'jtag frequency' command is executed.
14:31:07 INFO  : 'targets -set -filter {jtag_cable_name =~ "RealDigital Boo 88742923007DA" && level==0 && jtag_device_ctx=="jsn1-0362f093-0"}' command is executed.
14:31:09 INFO  : Device configured successfully with "C:/Users/kpari/385labs/lab6/61_workspace/mb_blink/_ide/bitstream/mb_intro_top.bit"
14:31:09 INFO  : Context for processor 'microblaze_0' is selected.
14:31:09 INFO  : Hardware design and registers information is loaded from 'C:/Users/kpari/385labs/lab6/61_workspace/mb_intro_top/export/mb_intro_top/hw/mb_intro_top.xsa'.
14:31:09 INFO  : 'configparams mdm-detect-bscan-mask 2' command is executed.
14:31:09 INFO  : Context for processor 'microblaze_0' is selected.
14:31:09 INFO  : System reset is completed.
14:31:12 INFO  : 'after 3000' command is executed.
14:31:12 INFO  : Context for processor 'microblaze_0' is selected.
14:31:12 INFO  : The application 'C:/Users/kpari/385labs/lab6/61_workspace/mb_blink/Debug/mb_blink.elf' is downloaded to processor 'microblaze_0'.
14:31:12 INFO  : ----------------XSDB Script----------------
connect -url tcp:127.0.0.1:3121
targets -set -filter {jtag_cable_name =~ "RealDigital Boo 88742923007DA" && level==0 && jtag_device_ctx=="jsn1-0362f093-0"}
fpga -file C:/Users/kpari/385labs/lab6/61_workspace/mb_blink/_ide/bitstream/mb_intro_top.bit
targets -set -nocase -filter {name =~ "*microblaze*#0" && bscan=="USER2" }
loadhw -hw C:/Users/kpari/385labs/lab6/61_workspace/mb_intro_top/export/mb_intro_top/hw/mb_intro_top.xsa -regs
configparams mdm-detect-bscan-mask 2
targets -set -nocase -filter {name =~ "*microblaze*#0" && bscan=="USER2" }
rst -system
after 3000
targets -set -nocase -filter {name =~ "*microblaze*#0" && bscan=="USER2" }
dow C:/Users/kpari/385labs/lab6/61_workspace/mb_blink/Debug/mb_blink.elf
----------------End of Script----------------

14:31:12 INFO  : Context for processor 'microblaze_0' is selected.
14:31:12 INFO  : 'con' command is executed.
14:31:12 INFO  : ----------------XSDB Script (After Launch)----------------
targets -set -nocase -filter {name =~ "*microblaze*#0" && bscan=="USER2" }
con
----------------End of Script----------------

14:31:12 INFO  : Disconnected from the channel tcfchan#7.
14:32:36 INFO  : Checking for BSP changes to sync application flags for project 'mb_blink'...
14:32:54 INFO  : Result from executing command 'removePlatformRepo': 
14:33:16 INFO  : Result from executing command 'getProjects': mb_intro_top
14:33:16 INFO  : Result from executing command 'getPlatforms': 
14:33:16 INFO  : Checking for BSP changes to sync application flags for project 'mb_blink'...
14:33:30 INFO  : Checking for BSP changes to sync application flags for project 'mb_blink'...
14:33:39 INFO  : Connected to target on host '127.0.0.1' and port '3121'.
14:33:40 INFO  : Jtag cable 'RealDigital Boo 88742923007DA' is selected.
14:33:40 INFO  : 'jtag frequency' command is executed.
14:33:40 INFO  : 'targets -set -filter {jtag_cable_name =~ "RealDigital Boo 88742923007DA" && level==0 && jtag_device_ctx=="jsn1-0362f093-0"}' command is executed.
14:33:41 INFO  : Device configured successfully with "C:/Users/kpari/385labs/lab6/61_workspace/mb_blink/_ide/bitstream/mb_intro_top.bit"
14:33:41 INFO  : Context for processor 'microblaze_0' is selected.
14:33:41 INFO  : Hardware design and registers information is loaded from 'C:/Users/kpari/385labs/lab6/61_workspace/mb_intro_top/export/mb_intro_top/hw/mb_intro_top.xsa'.
14:33:41 INFO  : 'configparams mdm-detect-bscan-mask 2' command is executed.
14:33:41 INFO  : Context for processor 'microblaze_0' is selected.
14:33:41 INFO  : System reset is completed.
14:33:44 INFO  : 'after 3000' command is executed.
14:33:44 INFO  : Context for processor 'microblaze_0' is selected.
14:33:44 INFO  : The application 'C:/Users/kpari/385labs/lab6/61_workspace/mb_blink/Debug/mb_blink.elf' is downloaded to processor 'microblaze_0'.
14:33:44 INFO  : ----------------XSDB Script----------------
connect -url tcp:127.0.0.1:3121
targets -set -filter {jtag_cable_name =~ "RealDigital Boo 88742923007DA" && level==0 && jtag_device_ctx=="jsn1-0362f093-0"}
fpga -file C:/Users/kpari/385labs/lab6/61_workspace/mb_blink/_ide/bitstream/mb_intro_top.bit
targets -set -nocase -filter {name =~ "*microblaze*#0" && bscan=="USER2" }
loadhw -hw C:/Users/kpari/385labs/lab6/61_workspace/mb_intro_top/export/mb_intro_top/hw/mb_intro_top.xsa -regs
configparams mdm-detect-bscan-mask 2
targets -set -nocase -filter {name =~ "*microblaze*#0" && bscan=="USER2" }
rst -system
after 3000
targets -set -nocase -filter {name =~ "*microblaze*#0" && bscan=="USER2" }
dow C:/Users/kpari/385labs/lab6/61_workspace/mb_blink/Debug/mb_blink.elf
----------------End of Script----------------

14:33:44 INFO  : Context for processor 'microblaze_0' is selected.
14:33:44 INFO  : 'con' command is executed.
14:33:44 INFO  : ----------------XSDB Script (After Launch)----------------
targets -set -nocase -filter {name =~ "*microblaze*#0" && bscan=="USER2" }
con
----------------End of Script----------------

14:33:44 INFO  : Disconnected from the channel tcfchan#10.
14:35:26 INFO  : Checking for BSP changes to sync application flags for project 'mb_blink'...
14:35:32 INFO  : Connected to target on host '127.0.0.1' and port '3121'.
14:35:33 INFO  : Jtag cable 'RealDigital Boo 88742923007DA' is selected.
14:35:33 INFO  : 'jtag frequency' command is executed.
14:35:33 INFO  : 'targets -set -filter {jtag_cable_name =~ "RealDigital Boo 88742923007DA" && level==0 && jtag_device_ctx=="jsn1-0362f093-0"}' command is executed.
14:35:34 INFO  : Device configured successfully with "C:/Users/kpari/385labs/lab6/61_workspace/mb_blink/_ide/bitstream/mb_intro_top.bit"
14:35:34 INFO  : Context for processor 'microblaze_0' is selected.
14:35:34 INFO  : Hardware design and registers information is loaded from 'C:/Users/kpari/385labs/lab6/61_workspace/mb_intro_top/export/mb_intro_top/hw/mb_intro_top.xsa'.
14:35:34 INFO  : 'configparams mdm-detect-bscan-mask 2' command is executed.
14:35:34 INFO  : Context for processor 'microblaze_0' is selected.
14:35:34 INFO  : System reset is completed.
14:35:37 INFO  : 'after 3000' command is executed.
14:35:37 INFO  : Context for processor 'microblaze_0' is selected.
14:35:37 INFO  : The application 'C:/Users/kpari/385labs/lab6/61_workspace/mb_blink/Debug/mb_blink.elf' is downloaded to processor 'microblaze_0'.
14:35:37 INFO  : ----------------XSDB Script----------------
connect -url tcp:127.0.0.1:3121
targets -set -filter {jtag_cable_name =~ "RealDigital Boo 88742923007DA" && level==0 && jtag_device_ctx=="jsn1-0362f093-0"}
fpga -file C:/Users/kpari/385labs/lab6/61_workspace/mb_blink/_ide/bitstream/mb_intro_top.bit
targets -set -nocase -filter {name =~ "*microblaze*#0" && bscan=="USER2" }
loadhw -hw C:/Users/kpari/385labs/lab6/61_workspace/mb_intro_top/export/mb_intro_top/hw/mb_intro_top.xsa -regs
configparams mdm-detect-bscan-mask 2
targets -set -nocase -filter {name =~ "*microblaze*#0" && bscan=="USER2" }
rst -system
after 3000
targets -set -nocase -filter {name =~ "*microblaze*#0" && bscan=="USER2" }
dow C:/Users/kpari/385labs/lab6/61_workspace/mb_blink/Debug/mb_blink.elf
----------------End of Script----------------

14:35:37 INFO  : Context for processor 'microblaze_0' is selected.
14:35:37 INFO  : 'con' command is executed.
14:35:37 INFO  : ----------------XSDB Script (After Launch)----------------
targets -set -nocase -filter {name =~ "*microblaze*#0" && bscan=="USER2" }
con
----------------End of Script----------------

14:35:37 INFO  : Disconnected from the channel tcfchan#11.
14:37:01 INFO  : Checking for BSP changes to sync application flags for project 'mb_blink'...
14:37:13 INFO  : Connected to target on host '127.0.0.1' and port '3121'.
14:37:13 INFO  : Jtag cable 'RealDigital Boo 88742923007DA' is selected.
14:37:13 INFO  : 'jtag frequency' command is executed.
14:37:13 INFO  : 'targets -set -filter {jtag_cable_name =~ "RealDigital Boo 88742923007DA" && level==0 && jtag_device_ctx=="jsn1-0362f093-0"}' command is executed.
14:37:14 INFO  : Device configured successfully with "C:/Users/kpari/385labs/lab6/61_workspace/mb_blink/_ide/bitstream/mb_intro_top.bit"
14:37:14 INFO  : Context for processor 'microblaze_0' is selected.
14:37:14 INFO  : Hardware design and registers information is loaded from 'C:/Users/kpari/385labs/lab6/61_workspace/mb_intro_top/export/mb_intro_top/hw/mb_intro_top.xsa'.
14:37:14 INFO  : 'configparams mdm-detect-bscan-mask 2' command is executed.
14:37:14 INFO  : Context for processor 'microblaze_0' is selected.
14:37:14 INFO  : System reset is completed.
14:37:17 INFO  : 'after 3000' command is executed.
14:37:17 INFO  : Context for processor 'microblaze_0' is selected.
14:37:17 INFO  : The application 'C:/Users/kpari/385labs/lab6/61_workspace/mb_blink/Debug/mb_blink.elf' is downloaded to processor 'microblaze_0'.
14:37:17 INFO  : ----------------XSDB Script----------------
connect -url tcp:127.0.0.1:3121
targets -set -filter {jtag_cable_name =~ "RealDigital Boo 88742923007DA" && level==0 && jtag_device_ctx=="jsn1-0362f093-0"}
fpga -file C:/Users/kpari/385labs/lab6/61_workspace/mb_blink/_ide/bitstream/mb_intro_top.bit
targets -set -nocase -filter {name =~ "*microblaze*#0" && bscan=="USER2" }
loadhw -hw C:/Users/kpari/385labs/lab6/61_workspace/mb_intro_top/export/mb_intro_top/hw/mb_intro_top.xsa -regs
configparams mdm-detect-bscan-mask 2
targets -set -nocase -filter {name =~ "*microblaze*#0" && bscan=="USER2" }
rst -system
after 3000
targets -set -nocase -filter {name =~ "*microblaze*#0" && bscan=="USER2" }
dow C:/Users/kpari/385labs/lab6/61_workspace/mb_blink/Debug/mb_blink.elf
----------------End of Script----------------

14:37:17 INFO  : Context for processor 'microblaze_0' is selected.
14:37:18 INFO  : 'con' command is executed.
14:37:18 INFO  : ----------------XSDB Script (After Launch)----------------
targets -set -nocase -filter {name =~ "*microblaze*#0" && bscan=="USER2" }
con
----------------End of Script----------------

14:37:18 INFO  : Disconnected from the channel tcfchan#12.
14:39:17 INFO  : Checking for BSP changes to sync application flags for project 'mb_blink'...
14:39:26 INFO  : Connected to target on host '127.0.0.1' and port '3121'.
14:39:26 INFO  : Jtag cable 'RealDigital Boo 88742923007DA' is selected.
14:39:26 INFO  : 'jtag frequency' command is executed.
14:39:26 INFO  : 'targets -set -filter {jtag_cable_name =~ "RealDigital Boo 88742923007DA" && level==0 && jtag_device_ctx=="jsn1-0362f093-0"}' command is executed.
14:39:27 INFO  : Device configured successfully with "C:/Users/kpari/385labs/lab6/61_workspace/mb_blink/_ide/bitstream/mb_intro_top.bit"
14:39:28 INFO  : Context for processor 'microblaze_0' is selected.
14:39:28 INFO  : Hardware design and registers information is loaded from 'C:/Users/kpari/385labs/lab6/61_workspace/mb_intro_top/export/mb_intro_top/hw/mb_intro_top.xsa'.
14:39:28 INFO  : 'configparams mdm-detect-bscan-mask 2' command is executed.
14:39:28 INFO  : Context for processor 'microblaze_0' is selected.
14:39:28 INFO  : System reset is completed.
14:39:31 INFO  : 'after 3000' command is executed.
14:39:31 INFO  : Context for processor 'microblaze_0' is selected.
14:39:31 INFO  : The application 'C:/Users/kpari/385labs/lab6/61_workspace/mb_blink/Debug/mb_blink.elf' is downloaded to processor 'microblaze_0'.
14:39:31 INFO  : ----------------XSDB Script----------------
connect -url tcp:127.0.0.1:3121
targets -set -filter {jtag_cable_name =~ "RealDigital Boo 88742923007DA" && level==0 && jtag_device_ctx=="jsn1-0362f093-0"}
fpga -file C:/Users/kpari/385labs/lab6/61_workspace/mb_blink/_ide/bitstream/mb_intro_top.bit
targets -set -nocase -filter {name =~ "*microblaze*#0" && bscan=="USER2" }
loadhw -hw C:/Users/kpari/385labs/lab6/61_workspace/mb_intro_top/export/mb_intro_top/hw/mb_intro_top.xsa -regs
configparams mdm-detect-bscan-mask 2
targets -set -nocase -filter {name =~ "*microblaze*#0" && bscan=="USER2" }
rst -system
after 3000
targets -set -nocase -filter {name =~ "*microblaze*#0" && bscan=="USER2" }
dow C:/Users/kpari/385labs/lab6/61_workspace/mb_blink/Debug/mb_blink.elf
----------------End of Script----------------

14:39:31 INFO  : Context for processor 'microblaze_0' is selected.
14:39:31 INFO  : 'con' command is executed.
14:39:31 INFO  : ----------------XSDB Script (After Launch)----------------
targets -set -nocase -filter {name =~ "*microblaze*#0" && bscan=="USER2" }
con
----------------End of Script----------------

14:39:31 INFO  : Disconnected from the channel tcfchan#13.
14:40:52 INFO  : Checking for BSP changes to sync application flags for project 'mb_blink'...
14:40:58 INFO  : Connected to target on host '127.0.0.1' and port '3121'.
14:40:58 INFO  : Jtag cable 'RealDigital Boo 88742923007DA' is selected.
14:40:58 INFO  : 'jtag frequency' command is executed.
14:40:58 INFO  : 'targets -set -filter {jtag_cable_name =~ "RealDigital Boo 88742923007DA" && level==0 && jtag_device_ctx=="jsn1-0362f093-0"}' command is executed.
14:40:59 INFO  : Device configured successfully with "C:/Users/kpari/385labs/lab6/61_workspace/mb_blink/_ide/bitstream/mb_intro_top.bit"
14:40:59 INFO  : Context for processor 'microblaze_0' is selected.
14:40:59 INFO  : Hardware design and registers information is loaded from 'C:/Users/kpari/385labs/lab6/61_workspace/mb_intro_top/export/mb_intro_top/hw/mb_intro_top.xsa'.
14:40:59 INFO  : 'configparams mdm-detect-bscan-mask 2' command is executed.
14:40:59 INFO  : Context for processor 'microblaze_0' is selected.
14:40:59 INFO  : System reset is completed.
14:41:02 INFO  : 'after 3000' command is executed.
14:41:02 INFO  : Context for processor 'microblaze_0' is selected.
14:41:02 INFO  : The application 'C:/Users/kpari/385labs/lab6/61_workspace/mb_blink/Debug/mb_blink.elf' is downloaded to processor 'microblaze_0'.
14:41:02 INFO  : ----------------XSDB Script----------------
connect -url tcp:127.0.0.1:3121
targets -set -filter {jtag_cable_name =~ "RealDigital Boo 88742923007DA" && level==0 && jtag_device_ctx=="jsn1-0362f093-0"}
fpga -file C:/Users/kpari/385labs/lab6/61_workspace/mb_blink/_ide/bitstream/mb_intro_top.bit
targets -set -nocase -filter {name =~ "*microblaze*#0" && bscan=="USER2" }
loadhw -hw C:/Users/kpari/385labs/lab6/61_workspace/mb_intro_top/export/mb_intro_top/hw/mb_intro_top.xsa -regs
configparams mdm-detect-bscan-mask 2
targets -set -nocase -filter {name =~ "*microblaze*#0" && bscan=="USER2" }
rst -system
after 3000
targets -set -nocase -filter {name =~ "*microblaze*#0" && bscan=="USER2" }
dow C:/Users/kpari/385labs/lab6/61_workspace/mb_blink/Debug/mb_blink.elf
----------------End of Script----------------

14:41:02 INFO  : Context for processor 'microblaze_0' is selected.
14:41:02 INFO  : 'con' command is executed.
14:41:02 INFO  : ----------------XSDB Script (After Launch)----------------
targets -set -nocase -filter {name =~ "*microblaze*#0" && bscan=="USER2" }
con
----------------End of Script----------------

14:41:02 INFO  : Disconnected from the channel tcfchan#14.
14:51:28 DEBUG : Logs will be stored at 'C:/Users/kpari/385labs/lab6/61_workspace/IDE.log'.
14:51:29 INFO  : Launching XSCT server: xsct.bat -n  -interactive C:\Users\kpari\385labs\lab6\61_workspace\temp_xsdb_launch_script.tcl
14:51:32 INFO  : XSCT server has started successfully.
14:51:32 INFO  : Successfully done setting XSCT server connection channel  
14:51:32 INFO  : plnx-install-location is set to ''
14:51:32 INFO  : Successfully done setting workspace for the tool. 
14:51:35 INFO  : Platform repository initialization has completed.
14:51:35 INFO  : Registering command handlers for Vitis TCF services
14:51:36 INFO  : Successfully done query RDI_DATADIR 
14:52:11 INFO  : Checking for BSP changes to sync application flags for project 'mb_blink'...
14:52:26 INFO  : Result from executing command 'removePlatformRepo': 
14:52:39 INFO  : Result from executing command 'getProjects': mb_intro_top
14:52:39 INFO  : Result from executing command 'getPlatforms': 
14:52:39 INFO  : Checking for BSP changes to sync application flags for project 'mb_blink'...
14:52:48 INFO  : Connected to target on host '127.0.0.1' and port '3121'.
14:52:49 INFO  : Jtag cable 'RealDigital Boo 88742923007DA' is selected.
14:52:49 INFO  : 'jtag frequency' command is executed.
14:52:49 INFO  : 'targets -set -filter {jtag_cable_name =~ "RealDigital Boo 88742923007DA" && level==0 && jtag_device_ctx=="jsn1-0362f093-0"}' command is executed.
14:52:50 INFO  : Device configured successfully with "C:/Users/kpari/385labs/lab6/61_workspace/mb_blink/_ide/bitstream/mb_intro_top.bit"
14:52:50 INFO  : Context for processor 'microblaze_0' is selected.
14:52:50 INFO  : Hardware design and registers information is loaded from 'C:/Users/kpari/385labs/lab6/61_workspace/mb_intro_top/export/mb_intro_top/hw/mb_intro_top.xsa'.
14:52:50 INFO  : 'configparams mdm-detect-bscan-mask 2' command is executed.
14:52:50 INFO  : Context for processor 'microblaze_0' is selected.
14:52:50 INFO  : System reset is completed.
14:52:53 INFO  : 'after 3000' command is executed.
14:52:54 INFO  : Context for processor 'microblaze_0' is selected.
14:52:54 INFO  : The application 'C:/Users/kpari/385labs/lab6/61_workspace/mb_blink/Debug/mb_blink.elf' is downloaded to processor 'microblaze_0'.
14:52:54 INFO  : ----------------XSDB Script----------------
connect -url tcp:127.0.0.1:3121
targets -set -filter {jtag_cable_name =~ "RealDigital Boo 88742923007DA" && level==0 && jtag_device_ctx=="jsn1-0362f093-0"}
fpga -file C:/Users/kpari/385labs/lab6/61_workspace/mb_blink/_ide/bitstream/mb_intro_top.bit
targets -set -nocase -filter {name =~ "*microblaze*#0" && bscan=="USER2" }
loadhw -hw C:/Users/kpari/385labs/lab6/61_workspace/mb_intro_top/export/mb_intro_top/hw/mb_intro_top.xsa -regs
configparams mdm-detect-bscan-mask 2
targets -set -nocase -filter {name =~ "*microblaze*#0" && bscan=="USER2" }
rst -system
after 3000
targets -set -nocase -filter {name =~ "*microblaze*#0" && bscan=="USER2" }
dow C:/Users/kpari/385labs/lab6/61_workspace/mb_blink/Debug/mb_blink.elf
----------------End of Script----------------

14:52:54 INFO  : Context for processor 'microblaze_0' is selected.
14:52:54 INFO  : 'con' command is executed.
14:52:54 INFO  : ----------------XSDB Script (After Launch)----------------
targets -set -nocase -filter {name =~ "*microblaze*#0" && bscan=="USER2" }
con
----------------End of Script----------------

14:52:54 INFO  : Disconnected from the channel tcfchan#3.
14:54:19 INFO  : Checking for BSP changes to sync application flags for project 'mb_blink'...
14:54:28 INFO  : Connected to target on host '127.0.0.1' and port '3121'.
14:54:28 INFO  : Jtag cable 'RealDigital Boo 88742923007DA' is selected.
14:54:28 INFO  : 'jtag frequency' command is executed.
14:54:28 INFO  : 'targets -set -filter {jtag_cable_name =~ "RealDigital Boo 88742923007DA" && level==0 && jtag_device_ctx=="jsn1-0362f093-0"}' command is executed.
14:54:30 INFO  : Device configured successfully with "C:/Users/kpari/385labs/lab6/61_workspace/mb_blink/_ide/bitstream/mb_intro_top.bit"
14:54:30 INFO  : Context for processor 'microblaze_0' is selected.
14:54:30 INFO  : Hardware design and registers information is loaded from 'C:/Users/kpari/385labs/lab6/61_workspace/mb_intro_top/export/mb_intro_top/hw/mb_intro_top.xsa'.
14:54:30 INFO  : 'configparams mdm-detect-bscan-mask 2' command is executed.
14:54:30 INFO  : Context for processor 'microblaze_0' is selected.
14:54:30 INFO  : System reset is completed.
14:54:33 INFO  : 'after 3000' command is executed.
14:54:33 INFO  : Context for processor 'microblaze_0' is selected.
14:54:33 INFO  : The application 'C:/Users/kpari/385labs/lab6/61_workspace/mb_blink/Debug/mb_blink.elf' is downloaded to processor 'microblaze_0'.
14:54:33 INFO  : ----------------XSDB Script----------------
connect -url tcp:127.0.0.1:3121
targets -set -filter {jtag_cable_name =~ "RealDigital Boo 88742923007DA" && level==0 && jtag_device_ctx=="jsn1-0362f093-0"}
fpga -file C:/Users/kpari/385labs/lab6/61_workspace/mb_blink/_ide/bitstream/mb_intro_top.bit
targets -set -nocase -filter {name =~ "*microblaze*#0" && bscan=="USER2" }
loadhw -hw C:/Users/kpari/385labs/lab6/61_workspace/mb_intro_top/export/mb_intro_top/hw/mb_intro_top.xsa -regs
configparams mdm-detect-bscan-mask 2
targets -set -nocase -filter {name =~ "*microblaze*#0" && bscan=="USER2" }
rst -system
after 3000
targets -set -nocase -filter {name =~ "*microblaze*#0" && bscan=="USER2" }
dow C:/Users/kpari/385labs/lab6/61_workspace/mb_blink/Debug/mb_blink.elf
----------------End of Script----------------

14:54:33 INFO  : Context for processor 'microblaze_0' is selected.
14:54:33 INFO  : 'con' command is executed.
14:54:33 INFO  : ----------------XSDB Script (After Launch)----------------
targets -set -nocase -filter {name =~ "*microblaze*#0" && bscan=="USER2" }
con
----------------End of Script----------------

14:54:33 INFO  : Disconnected from the channel tcfchan#4.
